Process For Instance = 0
34 9 22 9 5 20 30 8 37 18 4 16 38 25 15 41 12 32 14 41 17 33 21 22 31 21 30 6 7 41 36 1 29 25 40 24 41 41 35 22 17 9 15 9 23 10 38 2 30 39 1 39 3 31 1 30 21 1 27 5 
Success ---> Execution Time: 56.5073 seconds

Process For Instance = 1
34 17 40 2 41 12 41 25 2 19 15 8 7 5 20 10 15 8 26 41 28 1 2 24 4 38 32 12 35 11 26 36 29 41 33 41 24 1 8 1 19 21 31 26 18 15 4 20 31 23 41 11 2 3 19 36 13 41 7 32 
Success ---> Execution Time: 46.3608 seconds

Process For Instance = 2
29 41 22 27 18 29 9 35 4 4 27 7 25 15 8 1 10 32 33 1 8 30 41 19 25 19 10 17 39 40 25 22 34 24 26 15 22 2 8 41 32 14 14 8 10 13 34 37 28 1 1 22 37 41 41 19 4 1 36 37 
Success ---> Execution Time: 111.315 seconds

Process For Instance = 3
34 34 1 36 37 12 8 34 39 26 38 28 38 20 15 1 32 8 28 13 26 17 34 7 38 23 28 6 35 17 11 41 29 1 2 9 41 41 8 22 41 33 17 35 13 10 17 30 16 40 1 26 3 20 28 22 11 1 4 22 
Success ---> Execution Time: 32.8352 seconds

Process For Instance = 4
34 35 18 41 24 29 21 6 11 20 16 8 7 1 20 41 11 32 33 5 22 1 39 1 3 20 33 12 16 17 38 10 29 13 40 15 24 40 34 1 24 28 24 9 18 15 1 2 30 41 8 41 2 3 1 18 16 41 38 28 
Success ---> Execution Time: 40.7936 seconds

Process For Instance = 5
8 7 40 14 26 11 12 41 2 23 28 34 35 26 22 1 31 8 41 1 39 17 39 4 29 22 22 30 35 32 16 31 13 25 34 26 18 1 7 41 9 22 16 21 21 27 7 39 12 41 41 1 3 14 36 30 5 1 10 11 
Success ---> Execution Time: 96.9632 seconds

Process For Instance = 6
8 8 15 9 5 19 18 8 4 24 4 14 4 22 27 41 10 31 14 29 16 25 8 35 5 19 1 36 4 26 34 1 13 24 40 34 1 1 37 20 14 9 14 7 29 32 40 40 26 2 41 40 39 22 41 29 31 41 38 20 
Success ---> Execution Time: 47.4415 seconds

Process For Instance = 7
8 7 3 8 5 20 30 31 2 37 4 34 35 28 22 13 22 8 33 34 27 38 4 41 5 31 20 30 41 29 15 1 13 15 16 20 18 1 41 41 36 9 25 30 21 27 23 40 12 41 1 19 3 41 37 10 25 1 17 29 
Success ---> Execution Time: 36.7761 seconds

Process For Instance = 8
31 37 37 25 36 12 30 23 3 21 15 8 35 27 21 1 39 9 21 1 8 18 41 41 28 23 11 6 14 2 4 31 12 41 28 26 17 2 8 41 20 41 30 25 41 26 16 20 32 1 34 39 14 13 18 35 4 1 24 13 
Success ---> Execution Time: 40.7859 seconds

Process For Instance = 9
27 8 1 19 12 12 38 34 30 1 19 23 23 15 10 2 20 9 31 1 26 41 41 35 39 30 11 36 31 2 4 16 1 27 1 33 6 2 8 17 25 8 17 31 22 32 14 38 13 1 41 1 39 39 40 22 24 41 34 12 
Success ---> Execution Time: 38.9453 seconds

Process For Instance = 10
31 35 39 11 14 31 3 10 39 14 6 6 35 7 17 41 1 34 33 41 24 1 1 41 3 10 3 6 41 27 25 10 26 3 40 15 21 41 35 41 34 18 26 8 21 12 23 1 30 22 18 15 40 3 15 21 26 1 32 29 
Success ---> Execution Time: 21.4338 seconds

Process For Instance = 11
34 35 38 28 14 20 2 9 39 19 13 8 7 41 20 41 12 32 33 41 24 1 41 1 12 3 20 12 16 40 26 10 29 25 40 15 24 1 37 1 33 18 15 10 20 15 27 5 30 22 8 34 39 3 41 30 26 41 32 28 
Success ---> Execution Time: 21.6406 seconds

Process For Instance = 12
31 22 2 40 21 36 36 24 3 13 20 8 35 16 21 1 39 9 41 1 8 31 41 29 19 25 11 6 41 2 5 16 12 41 13 41 17 1 7 41 35 25 31 26 27 26 14 21 32 2 23 8 14 33 18 12 4 1 40 36 
Success ---> Execution Time: 23.7936 seconds

Process For Instance = 13
31 10 24 1 1 23 11 6 32 11 41 35 35 17 17 41 32 11 10 25 34 1 40 14 17 22 41 4 37 32 1 20 26 18 17 27 21 40 34 41 25 5 28 34 32 1 16 2 15 41 8 29 6 27 1 13 38 10 13 6 
Success ---> Execution Time: 26.7929 seconds

Process For Instance = 14
31 10 5 16 1 12 9 33 37 22 38 27 35 37 15 25 32 9 10 24 32 1 31 4 15 23 41 6 17 31 1 41 26 17 38 19 11 41 7 41 9 5 1 35 34 20 14 1 5 40 23 28 14 18 28 22 28 1 13 6 
Success ---> Execution Time: 25.0933 seconds

Process For Instance = 15
31 10 25 31 1 12 20 34 39 22 22 27 35 17 15 41 32 9 10 41 34 1 41 41 5 23 13 6 41 2 1 25 26 1 28 20 11 41 8 41 36 5 17 35 31 20 5 3 5 40 24 32 14 18 28 22 37 1 14 15 
Success ---> Execution Time: 61.0516 seconds

Process For Instance = 16
29 1 18 24 24 23 34 6 38 37 23 35 25 9 16 41 23 11 9 41 34 12 40 13 18 32 32 6 27 41 38 20 34 18 16 27 22 40 34 41 19 28 28 34 32 10 10 2 16 41 2 3 5 1 1 13 38 1 6 5 
Success ---> Execution Time: 23.4259 seconds

Process For Instance = 17
27 16 38 19 37 15 38 27 39 12 38 23 23 6 1 10 18 9 28 18 25 1 41 35 3 27 27 36 22 1 33 41 10 20 12 32 5 41 11 17 14 33 1 24 19 32 15 31 11 39 41 14 1 3 32 6 21 41 7 37 
Success ---> Execution Time: 40.5138 seconds

Process For Instance = 18
31 7 23 9 22 22 22 33 37 1 21 35 35 26 10 1 21 10 31 1 33 16 40 41 39 32 1 22 41 28 7 41 1 17 38 26 6 40 5 41 35 26 27 34 9 26 13 3 12 41 19 13 2 14 1 12 5 17 10 21 
Success ---> Execution Time: 25.3927 seconds

Process For Instance = 19
11 7 39 30 28 11 41 41 18 40 29 36 7 1 25 1 30 8 9 1 18 41 1 1 30 41 38 33 35 15 16 32 16 25 2 27 21 1 7 1 8 24 16 21 22 30 26 39 12 20 23 11 3 39 36 30 16 41 10 14 
Success ---> Execution Time: 48.4084 seconds

Total Execution Time: 866.272 seconds

