Process For Instance = 0
1 20 37 12 1 38 23 16 16 9 32 20 1 34 14 38 19 2 25 19 20 1 4 19 13 17 32 21 38 28 12 2 24 1 2 1 8 34 35 13 30 30 28 8 23 22 38 31 18 29 28 35 22 27 4 38 35 6 6 21 29 17 11 12 17 15 27 9 10 38 
Success ---> Execution Time: 0.742964 seconds

Process For Instance = 1
1 31 4 21 1 12 33 4 1 9 29 29 11 30 24 37 6 38 32 18 30 1 36 34 1 36 5 5 24 21 1 37 18 21 15 1 11 28 17 26 24 20 27 9 26 1 38 27 13 29 20 35 26 30 7 35 20 38 6 21 11 1 38 13 15 15 3 19 20 38 
Success ---> Execution Time: 0.611197 seconds

Process For Instance = 2
1 8 15 11 1 32 16 12 34 18 38 2 16 1 26 17 1 38 18 29 9 14 38 8 18 9 23 34 30 3 38 22 35 25 2 1 1 8 30 31 13 29 20 35 23 7 10 7 22 38 37 24 4 10 15 1 36 8 27 30 18 38 4 30 9 24 27 32 29 38 
Success ---> Execution Time: 0.665188 seconds

Process For Instance = 3
2 10 21 5 16 38 2 7 27 9 25 32 11 31 30 38 23 12 36 14 24 18 3 35 8 11 21 22 38 38 2 9 2 8 20 38 16 36 36 29 31 25 36 19 13 2 29 30 37 1 26 32 19 28 18 9 22 23 29 21 38 1 14 30 38 15 37 1 2 7 
Success ---> Execution Time: 0.558343 seconds

Process For Instance = 4
1 38 4 11 38 30 14 33 38 30 38 1 1 2 14 1 17 23 38 27 20 4 13 21 38 30 36 21 7 33 10 2 8 38 9 38 27 6 33 19 38 33 10 13 28 21 10 29 29 1 16 26 17 8 3 22 38 17 32 18 1 17 29 21 5 24 20 9 14 29 
Success ---> Execution Time: 0.572791 seconds

Process For Instance = 5
4 33 12 10 38 38 27 38 16 9 18 23 10 38 12 16 13 32 25 2 19 35 38 2 8 10 1 1 25 28 1 2 31 30 33 38 7 36 14 14 35 28 21 28 23 34 1 9 9 29 21 33 22 38 36 2 34 14 12 21 28 22 9 1 38 15 22 7 26 1 
Success ---> Execution Time: 0.548799 seconds

Process For Instance = 6
1 13 6 36 38 18 33 38 36 30 30 26 1 17 16 35 25 12 14 35 10 1 31 24 11 23 1 8 7 38 21 6 12 19 30 38 1 6 37 38 32 8 28 30 16 30 1 25 10 10 34 31 14 27 28 37 13 3 7 18 1 12 3 23 20 24 2 22 20 28 
Success ---> Execution Time: 0.488643 seconds

Process For Instance = 7
4 10 37 2 15 18 29 36 1 21 38 33 12 18 1 15 30 24 23 8 7 31 5 31 24 1 10 28 38 19 34 2 37 2 26 29 38 37 32 1 14 25 10 36 14 27 1 8 13 38 18 20 2 22 35 21 19 38 4 9 38 9 36 28 36 15 12 30 1 24 
Success ---> Execution Time: 0.500707 seconds

Process For Instance = 8
3 9 31 15 38 37 4 14 36 9 13 7 1 11 1 9 4 31 36 19 20 6 21 30 2 24 22 19 38 38 14 32 21 33 19 38 1 27 38 16 22 29 38 35 12 22 1 27 38 29 21 24 35 25 4 20 16 6 29 21 29 15 3 1 11 15 3 7 31 13 
Success ---> Execution Time: 0.476367 seconds

Process For Instance = 9
2 33 26 8 23 38 22 8 37 9 12 17 38 24 6 1 14 31 35 13 31 38 38 28 4 6 1 15 25 19 5 26 18 38 26 1 9 2 3 14 36 23 8 34 13 5 38 28 31 29 14 18 29 30 23 22 33 30 14 21 14 20 25 5 37 15 18 1 1 38 
Success ---> Execution Time: 0.490814 seconds

Process For Instance = 10
1 18 38 37 1 21 34 21 37 21 2 15 17 38 15 22 38 6 33 5 9 19 3 7 25 3 27 38 30 10 37 8 34 9 22 38 31 3 37 12 28 10 3 20 15 14 29 15 26 1 32 29 4 1 31 37 10 19 29 9 23 16 25 27 18 15 14 38 10 32 
Success ---> Execution Time: 0.459022 seconds

Process For Instance = 11
7 30 38 38 11 4 27 16 4 30 1 30 12 35 38 38 29 21 1 19 19 18 1 30 8 28 12 30 21 25 31 13 28 1 17 1 8 23 35 21 4 19 38 14 20 38 38 20 26 10 21 24 4 17 5 7 12 32 32 18 1 26 22 10 1 24 6 33 34 27 
Success ---> Execution Time: 0.551822 seconds

Process For Instance = 12
2 21 4 25 30 16 22 1 18 9 26 10 38 33 13 9 27 38 6 23 38 17 26 22 10 15 1 38 17 33 1 5 1 17 36 38 24 34 11 20 18 30 27 5 38 5 1 27 1 29 33 15 24 1 28 37 35 38 12 21 21 33 6 13 30 15 25 7 8 1 
Success ---> Execution Time: 0.540597 seconds

Process For Instance = 13
5 38 27 25 38 1 30 36 23 30 28 16 29 3 9 31 2 35 1 32 28 37 1 18 24 20 7 21 14 8 38 9 24 6 1 1 14 4 2 13 20 1 11 12 35 25 10 12 10 38 21 6 21 38 32 3 37 13 23 18 1 25 29 16 13 24 34 14 17 20 
Success ---> Execution Time: 0.557488 seconds

Process For Instance = 14
1 7 24 25 24 11 7 26 36 30 1 3 30 16 38 32 38 17 32 37 32 24 1 10 27 33 32 10 20 32 11 3 11 1 23 38 16 3 9 5 31 23 38 2 38 1 10 19 31 1 36 18 38 25 36 7 30 7 16 18 1 38 20 15 26 24 8 9 14 15 
Success ---> Execution Time: 0.420095 seconds

Process For Instance = 15
1 37 30 20 17 38 9 19 34 18 8 12 37 6 30 38 24 27 14 23 8 32 2 20 38 23 3 29 12 9 20 14 23 18 6 1 1 9 36 2 4 29 24 30 14 4 38 5 25 10 11 12 2 10 29 1 37 2 14 30 38 25 4 21 33 24 14 25 16 1 
Success ---> Execution Time: 0.662197 seconds

Process For Instance = 16
1 8 28 23 29 32 8 28 34 9 5 38 1 14 2 11 13 2 38 5 8 15 1 18 25 27 15 19 26 16 19 34 15 30 21 38 3 16 14 37 6 28 1 37 11 36 29 1 38 1 34 12 34 38 6 31 27 21 20 21 38 23 10 38 35 15 6 21 24 15 
Success ---> Execution Time: 0.576561 seconds

Process For Instance = 17
3 22 38 20 1 7 33 18 1 9 27 28 12 31 33 32 35 38 2 38 9 1 17 37 8 6 13 4 23 29 37 18 29 17 38 1 10 30 2 7 7 20 23 15 2 31 29 24 8 38 34 30 4 25 24 38 6 18 17 21 25 38 35 9 2 15 23 38 15 16 
Success ---> Execution Time: 0.594127 seconds

Process For Instance = 18
4 35 28 1 19 21 25 5 4 30 11 28 1 37 33 8 14 15 2 19 27 36 19 16 8 20 37 18 7 2 37 38 15 38 15 1 31 37 22 30 5 19 27 2 38 18 10 27 29 38 25 13 30 1 2 4 37 28 17 18 1 14 10 11 8 24 30 38 22 10 
Success ---> Execution Time: 0.683997 seconds

Process For Instance = 19
1 25 18 38 2 26 35 14 37 30 28 11 29 5 16 20 9 1 35 21 10 21 30 3 15 12 20 31 1 37 13 33 8 12 3 1 4 7 16 22 21 36 37 37 10 27 38 2 37 10 13 20 5 38 7 1 24 30 9 18 24 26 6 3 29 24 30 32 11 38 
Success ---> Execution Time: 0.495653 seconds

Total Execution Time: 11.1986 seconds

