Process For Instance = 0
1 27 3 14 1 28 41 20 10 29 46 3 1 39 10 37 3 22 9 46 16 31 46 34 28 11 46 2 25 17 21 32 33 16 42 46 8 38 1 21 12 30 45 4 22 6 37 27 1 6 19 41 11 44 10 14 32 24 26 15 37 23 10 36 7 23 25 28 22 46 26 12 27 36 22 31 46 11 15 37 16 35 18 40 43 45 43 30 38 42 
Success ---> Execution Time: 1.31554 seconds

Process For Instance = 1
1 33 21 29 46 43 24 46 1 46 46 21 22 26 10 38 19 2 12 6 16 5 2 6 33 5 36 46 43 28 46 30 27 30 19 24 23 17 44 5 4 29 11 14 38 10 38 1 27 15 10 5 14 1 46 37 31 37 17 7 37 14 40 46 8 1 41 28 15 1 32 13 34 11 22 20 10 11 34 35 1 20 2 42 25 2 43 30 8 28 
Success ---> Execution Time: 1.05342 seconds

Process For Instance = 2
6 18 46 9 46 18 31 40 34 11 44 45 16 24 37 21 46 36 22 7 8 5 25 23 17 18 2 30 10 32 45 2 1 2 3 3 37 43 31 39 17 9 25 34 38 43 19 43 29 46 37 4 32 14 10 18 11 40 39 29 29 46 43 1 22 36 46 20 36 1 27 10 2 26 14 22 26 7 12 38 1 3 46 28 15 32 12 22 19 31 
Success ---> Execution Time: 1.00162 seconds

Process For Instance = 3
2 46 20 2 1 39 13 35 35 20 24 10 8 26 10 31 10 45 13 1 39 1 11 2 16 42 33 41 2 4 36 3 44 4 21 12 21 45 35 2 40 1 46 6 43 32 46 18 41 1 23 29 45 12 23 32 38 38 7 29 25 46 29 35 28 36 32 15 12 46 38 28 8 23 33 17 27 9 19 17 41 1 12 13 27 12 21 18 33 24 
Success ---> Execution Time: 1.38103 seconds

Process For Instance = 4
1 12 39 37 1 1 16 46 39 19 13 19 33 36 17 32 30 46 20 2 23 4 4 2 43 20 7 1 10 18 46 46 1 14 3 2 24 12 18 25 12 10 19 13 23 19 45 39 22 36 45 19 4 40 46 36 2 29 9 28 37 6 30 30 23 10 46 11 46 46 2 13 32 28 29 28 1 20 28 24 40 38 29 32 28 20 16 9 6 2 
Success ---> Execution Time: 1.39831 seconds

Process For Instance = 5
1 14 39 24 1 7 12 35 7 1 45 1 46 23 46 1 26 43 32 3 17 14 1 3 31 3 17 29 40 9 7 1 31 9 16 45 45 40 27 4 11 39 34 38 19 20 10 15 36 35 43 27 14 17 40 5 20 43 40 19 31 35 43 30 29 25 30 41 25 10 36 46 13 34 23 30 19 46 15 32 2 46 1 25 37 18 22 38 28 11 
Success ---> Execution Time: 1.31424 seconds

Process For Instance = 6
1 20 4 10 46 46 15 12 34 9 2 18 34 15 37 1 12 2 39 22 8 10 14 11 1 22 28 41 28 46 13 3 5 27 4 35 34 45 40 6 23 26 19 32 23 15 26 12 19 46 42 4 43 18 45 38 3 31 25 18 22 9 46 30 9 1 46 31 30 1 15 40 37 38 14 37 46 34 8 20 1 3 33 9 21 23 46 29 27 7 
Success ---> Execution Time: 1.60722 seconds

Process For Instance = 7
2 41 23 19 1 33 15 8 13 46 45 1 2 32 33 39 30 10 17 25 39 24 46 37 6 26 27 2 43 36 46 23 4 11 43 2 18 23 3 36 41 9 17 11 31 34 26 25 35 38 11 14 34 46 46 1 40 41 30 18 18 30 27 7 45 10 3 27 8 46 42 16 8 41 10 1 37 45 44 21 11 33 5 27 35 6 18 25 27 24 
Success ---> Execution Time: 1.35014 seconds

Process For Instance = 8
1 13 37 31 1 40 20 29 39 29 12 23 23 1 10 46 43 46 31 22 39 28 18 21 34 7 4 18 17 3 32 20 20 7 1 37 38 10 1 19 31 16 46 45 46 46 1 26 3 13 22 7 43 25 8 19 1 13 7 46 25 14 32 28 29 22 29 15 42 46 45 8 24 13 33 12 9 1 38 1 37 1 14 34 35 24 38 18 43 3 
Success ---> Execution Time: 1.42803 seconds

Process For Instance = 9
1 8 38 37 37 4 14 33 32 38 20 10 24 5 21 1 21 29 26 21 15 27 1 34 46 46 19 15 37 15 15 36 45 41 41 21 9 16 45 20 12 33 46 37 20 45 46 23 44 11 32 5 40 21 40 37 31 39 20 3 1 30 3 28 44 32 24 27 3 46 37 10 5 46 9 2 43 8 17 1 10 23 12 17 33 30 1 29 32 29 
Success ---> Execution Time: 1.37797 seconds

Process For Instance = 10
1 7 20 37 1 46 40 1 8 16 34 29 20 34 22 46 23 1 41 21 16 21 30 20 41 43 20 1 4 46 1 44 2 13 36 1 20 33 26 2 31 28 42 10 2 12 46 39 2 36 42 42 8 38 33 11 2 6 27 25 37 5 30 38 7 10 16 27 46 46 24 11 46 11 10 21 13 19 26 46 32 34 43 21 8 24 17 30 10 40 
Success ---> Execution Time: 1.5459 seconds

Process For Instance = 11
1 17 7 12 46 27 15 26 31 18 46 33 32 7 14 5 34 21 15 20 8 38 23 31 1 15 5 18 1 46 41 23 20 39 46 42 46 5 2 15 41 25 13 36 39 38 1 33 16 10 40 4 13 12 41 3 1 39 27 27 29 31 24 32 39 34 28 20 29 1 45 14 26 42 37 7 8 11 45 19 46 33 22 30 1 3 9 22 4 14 
Success ---> Execution Time: 1.54431 seconds

Process For Instance = 12
1 28 45 46 37 28 7 4 46 9 1 2 8 31 16 46 36 21 26 46 22 46 36 17 3 13 12 1 19 21 24 43 44 10 38 45 36 24 3 19 8 15 15 22 13 39 1 28 20 20 39 42 33 26 41 8 41 8 26 29 1 17 31 6 35 35 4 11 32 46 26 26 33 37 28 10 1 19 42 46 29 4 14 21 39 11 42 8 7 3 
Success ---> Execution Time: 1.30418 seconds

Process For Instance = 13
1 33 12 9 46 43 30 4 29 44 25 35 46 7 37 28 25 16 18 45 8 10 1 44 33 16 1 38 2 38 24 41 39 2 46 18 20 20 26 20 1 1 32 25 28 44 1 46 34 35 22 33 12 45 42 46 4 24 15 9 29 34 18 46 42 26 34 20 1 1 46 19 5 25 14 11 8 8 40 37 19 33 2 8 16 31 22 22 16 35 
Success ---> Execution Time: 1.18534 seconds

Process For Instance = 14
2 16 44 36 1 21 1 42 38 25 11 4 46 2 10 25 18 28 30 25 16 18 28 5 13 17 43 36 1 21 34 37 5 5 3 11 46 6 9 20 25 1 11 33 1 11 33 44 25 1 40 6 19 18 7 44 46 38 34 43 37 31 28 8 21 19 42 28 1 46 36 37 31 13 22 43 8 13 10 27 39 27 15 27 29 6 2 30 46 33 
Success ---> Execution Time: 0.989759 seconds

Process For Instance = 15
2 26 13 32 46 10 38 1 44 38 20 16 46 20 24 46 43 25 33 38 30 27 31 37 46 43 45 15 4 1 1 25 32 31 6 30 9 12 1 40 6 27 4 7 22 36 46 39 1 21 43 20 38 39 4 14 30 16 22 2 16 19 44 39 6 10 13 7 43 37 37 6 46 1 1 46 34 26 1 12 25 16 29 34 1 43 44 9 13 19 
Success ---> Execution Time: 0.92347 seconds

Process For Instance = 16
2 10 46 1 1 31 15 46 35 29 27 9 1 23 17 23 45 25 21 1 39 36 15 32 9 32 37 1 7 33 46 18 1 39 2 21 31 16 2 13 36 8 23 14 3 34 12 14 2 46 29 19 30 14 28 10 8 29 29 38 25 46 33 25 1 3 45 11 19 46 9 39 18 46 33 2 26 29 39 39 16 34 22 41 45 7 45 9 38 26 
Success ---> Execution Time: 1.10415 seconds

Process For Instance = 17
1 13 27 46 1 37 19 27 45 31 5 22 34 12 10 4 31 2 9 30 39 36 18 43 23 18 31 27 46 7 14 7 44 13 4 13 40 8 46 5 17 27 42 2 1 36 46 37 29 2 24 43 4 21 37 17 31 15 8 22 25 31 2 46 45 37 36 15 46 46 13 34 15 11 33 3 1 18 24 21 9 33 22 36 8 3 1 18 45 26 
Success ---> Execution Time: 1.13782 seconds

Process For Instance = 18
3 22 1 39 46 2 27 27 2 46 13 31 33 43 30 28 22 46 1 17 24 2 29 27 5 1 13 36 46 12 23 29 2 4 22 21 46 18 35 28 3 10 43 25 19 38 38 44 44 4 31 5 16 13 13 19 14 30 32 30 10 22 29 46 3 13 12 36 28 1 31 38 33 22 18 20 40 22 33 1 12 45 23 11 9 28 10 38 5 28 
Success ---> Execution Time: 1.09139 seconds

Process For Instance = 19
3 36 11 9 46 18 4 42 4 10 25 1 24 12 10 11 46 24 16 25 16 34 2 7 46 2 43 27 1 18 33 30 31 36 43 2 3 17 13 20 8 46 12 33 41 20 19 1 44 28 14 12 3 44 37 19 21 5 39 44 37 23 1 26 15 37 20 28 5 1 44 32 1 34 22 46 17 43 44 40 10 35 23 24 17 45 6 30 15 29 
Success ---> Execution Time: 1.32479 seconds

Total Execution Time: 25.3803 seconds

