Process For Instance = 0
1 20 3 9 13 22 6 2 13 28 22 1 13 27 4 3 16 28 9 2 24 11 26 3 21 18 16 26 4 12 25 8 19 13 27 18 20 2 27 7 
Success ---> Execution Time: 0.0311683 seconds

Process For Instance = 1
3 18 8 9 5 22 6 17 24 3 11 28 6 2 22 27 9 1 5 21 14 26 25 27 12 23 16 10 27 1 23 28 8 1 13 17 19 10 7 13 
Success ---> Execution Time: 0.028143 seconds

Process For Instance = 2
4 13 28 21 3 7 18 1 28 17 13 1 26 19 24 20 2 28 22 12 15 28 1 4 25 9 13 1 15 8 8 14 14 10 3 1 28 9 3 4 
Success ---> Execution Time: 0.0303035 seconds

Process For Instance = 3
4 22 10 21 3 7 17 15 4 13 13 13 6 21 13 3 3 1 5 28 23 6 28 9 15 5 28 11 21 3 17 19 19 21 23 22 28 21 1 10 
Success ---> Execution Time: 0.0272249 seconds

Process For Instance = 4
3 9 27 21 12 7 17 24 2 28 21 13 1 18 21 28 22 28 15 7 4 3 1 10 24 12 1 17 11 15 14 5 6 1 26 10 10 15 19 8 
Success ---> Execution Time: 0.0306057 seconds

Process For Instance = 5
1 20 12 20 26 7 23 17 13 20 16 1 3 17 14 14 24 28 14 24 3 7 28 20 8 23 13 22 12 3 22 6 20 1 1 12 28 3 12 5 
Success ---> Execution Time: 0.0340235 seconds

Process For Instance = 6
3 14 7 9 21 22 5 24 15 24 25 1 28 18 1 10 9 28 7 26 11 6 27 16 10 12 16 18 21 19 6 26 6 28 5 3 1 2 20 8 
Success ---> Execution Time: 0.0333127 seconds

Process For Instance = 7
2 21 28 20 17 7 23 11 2 26 21 1 26 9 3 26 14 13 5 24 26 12 9 13 3 17 28 4 2 16 15 25 10 18 23 12 10 17 3 18 
Success ---> Execution Time: 0.0327356 seconds

Process For Instance = 8
1 13 5 20 4 7 23 6 5 26 5 1 26 1 26 27 1 28 14 22 16 28 28 22 10 8 13 19 11 18 7 23 17 6 22 4 13 18 2 20 
Success ---> Execution Time: 0.0296678 seconds

Process For Instance = 9
4 11 1 20 24 7 23 27 25 3 19 28 14 25 13 9 11 1 23 1 4 6 28 5 14 13 13 1 4 21 24 23 27 27 5 18 17 12 3 17 
Success ---> Execution Time: 0.0354759 seconds

Process For Instance = 10
3 10 26 21 27 7 18 19 8 1 19 1 28 1 5 28 8 13 4 11 15 5 15 5 22 27 28 1 17 4 13 27 26 15 20 11 8 22 20 9 
Success ---> Execution Time: 0.0343568 seconds

Process For Instance = 11
2 10 28 8 28 21 25 15 21 14 19 28 27 18 17 15 24 15 14 25 7 7 19 14 8 6 1 1 10 2 2 12 13 24 28 4 7 1 28 3 
Success ---> Execution Time: 0.0368601 seconds

Process For Instance = 12
1 28 13 8 8 22 13 1 1 20 28 16 28 27 17 2 7 1 5 11 26 6 22 24 17 21 28 10 21 3 11 17 23 20 10 7 28 12 8 19 
Success ---> Execution Time: 0.0268499 seconds

Process For Instance = 13
1 16 27 8 21 22 13 3 22 1 24 16 23 4 1 9 6 28 1 12 11 8 11 8 20 23 1 19 15 4 3 22 3 1 13 23 27 8 5 8 
Success ---> Execution Time: 0.0338109 seconds

Process For Instance = 14
1 10 17 20 11 7 23 16 22 10 9 1 24 12 28 27 11 28 1 28 1 2 27 4 20 26 13 15 4 2 13 22 10 1 14 20 8 1 14 3 
Success ---> Execution Time: 0.0309381 seconds

Process For Instance = 15
1 20 4 9 7 22 6 25 4 24 13 28 13 4 28 3 28 1 2 28 16 28 15 2 10 13 16 22 5 25 24 9 19 12 23 1 28 14 17 2 
Success ---> Execution Time: 0.0319686 seconds

Process For Instance = 16
3 12 26 8 28 21 25 18 6 16 11 28 12 20 18 3 24 15 12 7 2 27 5 28 14 10 1 11 4 19 25 3 14 27 27 8 19 23 12 5 
Success ---> Execution Time: 0.0309883 seconds

Process For Instance = 17
2 13 5 9 5 22 4 3 27 3 18 1 28 5 18 2 20 28 2 21 27 2 19 22 11 24 16 27 7 28 13 12 20 11 14 22 19 16 5 7 
Success ---> Execution Time: 0.0264124 seconds

Process For Instance = 18
6 23 1 8 26 22 11 5 28 12 25 16 14 25 9 9 21 28 13 2 17 17 10 7 16 16 1 1 28 28 4 10 19 28 4 25 21 2 2 18 
Success ---> Execution Time: 0.0338297 seconds

Process For Instance = 19
1 7 22 8 18 21 25 6 21 12 21 28 20 5 28 1 24 1 25 18 9 12 2 17 28 28 15 18 14 12 5 16 24 27 1 27 10 5 23 17 
Success ---> Execution Time: 0.0326821 seconds

Total Execution Time: 0.632206 seconds

