Process For Instance = 0
4 29 19 43 1 21 25 47 23 42 38 28 22 34 35 9 30 11 9 20 17 50 1 19 47 14 50 1 1 41 50 41 4 40 3 25 19 35 13 45 2 37 12 25 35 50 50 25 28 34 14 13 4 48 17 3 5 31 45 1 50 33 21 50 35 17 45 41 21 10 49 26 50 1 23 10 7 49 3 43 15 29 20 48 14 31 11 43 4 22 11 36 32 46 10 29 39 41 32 31 
Success ---> Execution Time: 8.13973 seconds

Process For Instance = 1
1 36 29 28 50 42 31 47 48 42 1 48 6 30 28 21 49 36 7 13 34 13 41 43 3 12 12 1 13 16 48 15 3 45 23 25 38 20 50 10 5 13 7 20 21 24 16 9 45 50 18 38 28 8 2 38 49 35 19 8 1 29 24 5 45 1 44 10 22 41 49 11 36 1 16 48 25 50 37 34 43 1 33 8 40 17 9 8 17 37 33 2 32 46 50 22 45 23 27 19 
Success ---> Execution Time: 8.28936 seconds

Process For Instance = 2
2 40 33 50 1 32 45 25 5 20 31 10 15 3 35 46 41 24 18 25 29 6 24 39 48 39 39 10 21 13 42 2 3 1 30 1 16 38 9 5 48 22 48 13 43 9 39 32 40 49 29 33 5 37 26 24 13 38 37 10 50 26 32 50 18 26 22 41 15 10 15 8 11 1 23 38 8 21 44 29 1 41 29 11 50 40 2 43 48 31 31 46 39 48 1 17 20 34 41 50 
Success ---> Execution Time: 10.7625 seconds

Process For Instance = 3
3 17 24 43 1 1 17 33 31 49 40 13 37 37 23 9 45 50 24 50 29 2 50 8 30 7 36 24 31 42 15 12 38 50 2 41 33 40 27 1 37 44 15 24 1 48 1 1 21 17 48 7 26 18 38 47 50 18 32 25 50 1 6 9 41 32 48 41 28 10 45 15 11 27 35 38 23 15 12 1 10 26 15 30 45 50 6 43 50 3 9 20 37 47 34 17 39 45 30 50 
Success ---> Execution Time: 7.33081 seconds

Process For Instance = 4
9 2 39 40 1 13 9 25 48 8 36 2 29 36 37 1 26 47 41 2 43 44 10 43 27 25 19 13 35 17 50 1 4 48 32 16 29 15 8 2 49 21 1 45 22 10 34 41 1 50 45 39 5 19 47 11 19 49 32 42 10 41 27 29 41 2 4 19 22 50 29 1 30 29 25 28 8 25 29 43 1 3 17 31 6 34 49 17 9 20 26 50 33 15 48 31 20 12 27 14 
Success ---> Execution Time: 9.21536 seconds

Process For Instance = 5
2 31 13 13 1 4 9 48 29 50 5 41 15 32 23 21 37 32 7 39 29 40 25 45 20 43 50 6 21 1 43 27 1 34 1 19 13 15 42 38 47 29 18 6 34 41 28 28 33 1 47 6 23 50 10 11 46 27 30 10 50 1 27 41 2 41 26 41 23 10 27 6 24 23 35 50 8 39 14 50 1 9 42 10 13 29 17 43 48 9 36 30 48 45 50 17 19 49 29 35 
Success ---> Execution Time: 7.65164 seconds

Process For Instance = 6
3 38 31 14 50 44 2 28 44 20 38 22 1 1 16 22 9 7 34 19 22 26 17 46 34 27 50 42 35 24 31 26 5 2 3 11 14 33 41 31 35 8 49 10 41 48 1 50 48 28 46 18 39 32 15 11 21 4 43 38 1 50 37 50 28 44 36 10 1 41 2 1 7 31 28 21 44 32 23 24 15 49 18 12 9 22 35 8 24 28 49 4 17 35 8 34 22 13 48 50 
Success ---> Execution Time: 8.25419 seconds

Process For Instance = 7
5 40 19 30 50 15 8 43 31 1 1 5 50 32 28 27 18 22 2 50 34 25 10 46 15 39 40 1 39 45 2 25 30 50 2 27 37 48 46 43 2 43 31 2 50 48 18 9 15 50 49 38 29 18 35 50 44 39 38 42 1 9 6 1 2 36 50 10 42 41 9 39 27 50 16 29 32 45 11 9 24 34 45 13 35 41 21 8 7 12 10 1 16 46 32 22 27 25 23 17 
Success ---> Execution Time: 7.51979 seconds

Process For Instance = 8
2 25 18 12 1 25 40 35 40 23 40 34 31 41 23 33 26 19 38 31 17 20 1 22 13 18 3 41 47 35 50 1 30 50 30 14 16 9 39 17 44 41 3 8 30 29 42 2 10 4 46 21 11 5 29 34 21 19 47 50 50 27 13 9 29 29 2 41 49 10 33 40 3 45 35 42 7 21 49 17 38 42 23 13 13 34 1 43 48 2 34 10 28 16 48 29 34 12 41 1 
Success ---> Execution Time: 8.66634 seconds

Process For Instance = 9
1 7 50 34 1 23 27 22 6 49 36 16 50 10 23 20 33 50 33 40 17 29 13 29 22 4 41 6 44 43 40 1 39 36 13 34 29 38 41 22 22 1 22 27 1 36 25 27 20 9 29 6 15 13 35 13 37 14 46 17 50 49 1 21 1 43 34 41 1 10 50 38 5 7 35 50 10 13 18 24 3 10 26 17 42 13 39 43 44 27 1 13 50 48 31 29 42 2 8 32 
Success ---> Execution Time: 8.70339 seconds

Process For Instance = 10
4 50 30 9 50 19 12 40 49 42 12 25 1 35 28 1 6 48 6 11 34 1 39 25 4 26 2 49 14 23 11 30 35 30 37 12 19 14 47 20 16 26 8 19 18 3 50 24 36 21 36 45 32 10 42 45 48 48 31 30 1 37 24 1 40 36 3 10 29 41 10 48 28 37 16 20 41 42 43 50 28 28 50 13 6 50 18 8 5 48 4 37 17 3 10 22 20 16 11 20 
Success ---> Execution Time: 8.47947 seconds

Process For Instance = 11
1 37 18 8 1 17 40 4 19 10 31 23 35 47 23 34 49 35 10 19 17 46 8 12 28 21 1 50 9 1 4 31 8 19 4 1 10 46 40 4 22 44 3 7 34 1 50 1 1 41 23 21 12 27 39 19 47 50 9 22 50 1 36 27 26 16 33 41 11 10 30 43 19 48 35 28 15 14 27 26 42 6 15 50 38 37 42 43 9 35 33 18 29 48 50 29 12 36 32 50 
Success ---> Execution Time: 7.2589 seconds

Process For Instance = 12
1 41 9 47 1 7 44 48 33 25 35 38 20 21 35 10 15 1 19 50 29 1 33 50 12 39 26 41 50 26 47 25 32 24 17 34 31 1 37 33 50 38 50 32 1 12 50 17 24 16 13 33 12 47 41 43 35 40 27 8 50 17 11 18 9 2 7 41 12 10 37 42 16 15 23 2 8 1 43 29 41 3 50 22 48 21 18 43 5 35 42 23 32 48 50 17 29 29 19 1 
Success ---> Execution Time: 7.75042 seconds

Process For Instance = 13
1 11 27 32 50 49 44 39 21 40 45 41 1 12 26 7 43 1 14 21 20 8 36 17 1 40 12 37 7 50 38 9 35 28 3 50 15 31 40 1 31 29 42 33 45 18 9 46 15 18 50 45 23 49 44 32 27 44 50 26 41 1 10 3 19 34 50 32 25 1 13 9 35 21 14 1 20 21 1 50 27 28 3 32 13 41 42 34 26 48 1 37 1 44 18 8 41 48 22 14 
Success ---> Execution Time: 8.58037 seconds

Process For Instance = 14
1 29 47 17 50 48 39 46 40 13 18 42 50 24 28 1 24 1 35 17 34 50 23 10 50 33 10 24 8 9 23 11 49 50 21 41 41 5 4 4 44 10 8 7 14 21 50 16 41 1 50 30 39 30 37 34 20 42 2 22 1 17 37 38 30 28 1 10 4 41 33 32 27 27 16 48 36 7 44 16 43 49 22 36 32 32 12 8 7 1 33 30 43 4 1 22 19 11 45 1 
Success ---> Execution Time: 7.69328 seconds

Process For Instance = 15
11 4 23 43 50 34 12 15 39 1 26 4 37 6 26 22 6 26 17 32 20 50 42 22 15 16 50 7 50 35 1 18 10 48 50 16 32 15 44 36 37 15 27 44 1 33 25 29 43 42 43 24 47 1 48 10 50 9 20 33 41 12 17 50 1 7 33 32 1 1 24 30 8 17 14 8 44 43 50 28 19 41 14 24 14 5 31 34 20 43 50 1 37 44 11 8 32 37 25 9 
Success ---> Execution Time: 7.47628 seconds

Process For Instance = 16
11 17 50 1 50 42 38 38 23 33 34 10 24 43 16 41 27 50 39 3 34 42 41 49 35 11 31 15 7 23 12 38 35 6 35 25 32 11 2 31 8 50 1 29 9 31 16 23 1 42 46 45 4 23 6 17 50 15 27 1 1 48 40 2 13 7 50 11 9 41 18 18 44 20 28 22 1 1 20 41 17 7 48 24 47 26 37 8 27 39 50 50 31 3 31 22 36 48 22 33 
Success ---> Execution Time: 8.06889 seconds

Process For Instance = 17
5 42 35 45 1 23 10 12 49 15 28 1 37 18 35 46 9 29 11 3 17 10 1 40 49 28 38 38 31 23 27 37 48 1 16 50 21 39 48 28 28 13 48 9 18 23 41 7 39 32 29 6 20 32 3 1 32 36 42 24 50 9 19 50 23 1 1 41 19 10 41 28 50 15 23 11 44 16 47 2 15 50 6 12 50 34 33 43 15 50 6 40 26 5 10 29 20 26 10 50 
Success ---> Execution Time: 8.6487 seconds

Process For Instance = 18
3 21 50 17 50 29 38 17 38 1 5 35 50 20 28 45 14 10 46 12 22 43 1 49 6 48 1 16 24 31 19 6 3 31 1 40 24 19 42 45 32 10 11 30 17 38 9 37 18 18 31 26 39 1 1 33 47 24 4 50 1 12 37 9 20 27 13 10 25 41 42 26 12 50 16 16 42 9 3 32 8 14 27 11 1 44 50 8 37 2 32 47 50 46 39 34 44 37 17 1 
Success ---> Execution Time: 7.63741 seconds

Process For Instance = 19
3 41 27 50 1 1 27 11 22 28 21 20 50 24 23 13 39 32 26 14 29 12 16 2 30 7 42 21 31 9 17 22 30 42 50 48 50 3 15 11 47 43 35 36 35 6 1 2 34 11 24 6 27 32 22 2 9 1 22 19 50 1 26 50 50 34 16 41 41 10 31 44 5 9 35 37 9 37 50 1 22 6 15 34 28 36 40 43 48 14 40 46 49 45 1 17 12 42 29 37 
Success ---> Execution Time: 7.68941 seconds

Total Execution Time: 163.819 seconds

