Process For Instance = 0

Fail ---> Execution Time: 348.798 seconds

Process For Instance = 1
15 67 57 22 4 27 7 43 14 31 10 17 9 47 11 38 34 1 21 58 67 34 27 51 66 1 49 30 4 67 1 36 7 61 24 44 16 36 1 1 31 55 53 58 40 52 18 36 62 49 32 65 9 40 59 12 1 4 43 46 63 11 13 18 61 28 67 5 39 10 48 67 22 54 1 67 15 31 58 9 27 66 18 37 15 60 53 40 32 48 54 25 45 54 38 23 59 45 29 48 
Success ---> Execution Time: 121.53 seconds

Process For Instance = 2

Fail ---> Execution Time: 373.832 seconds

Process For Instance = 3

Fail ---> Execution Time: 349.435 seconds

Process For Instance = 4
19 2 44 65 42 12 37 9 32 50 23 5 56 1 35 67 41 34 36 14 23 1 12 44 28 53 36 62 17 31 35 2 28 48 56 67 48 27 48 6 16 61 43 60 20 58 16 53 9 17 46 67 67 26 10 56 65 54 61 39 67 23 1 65 7 32 1 50 34 31 63 64 48 57 67 1 16 40 20 48 12 10 52 25 42 67 25 7 1 41 57 43 1 39 23 18 10 21 52 7 
Success ---> Execution Time: 309.584 seconds

Process For Instance = 5

Fail ---> Execution Time: 264.283 seconds

Process For Instance = 6

Fail ---> Execution Time: 290.979 seconds

Process For Instance = 7

Fail ---> Execution Time: 274.571 seconds

Process For Instance = 8
67 2 25 2 7 55 8 34 60 46 12 19 10 34 16 17 21 35 61 29 54 1 47 18 29 34 21 64 42 24 31 5 29 29 14 38 42 21 23 1 52 50 67 10 43 19 53 46 58 56 26 27 59 42 21 17 2 64 35 6 34 25 5 64 7 16 1 39 67 56 42 53 60 67 66 1 58 51 55 48 47 49 12 67 67 63 40 37 67 39 14 46 66 31 32 49 55 11 59 42 
Success ---> Execution Time: 223.522 seconds

Process For Instance = 9
67 37 57 13 24 55 62 25 30 61 2 40 9 10 6 18 8 25 61 7 31 18 54 46 1 48 41 11 30 67 22 16 19 53 30 39 65 17 25 19 52 13 14 11 54 43 9 31 58 26 51 40 6 1 46 29 47 64 35 63 21 41 42 64 7 55 1 51 53 56 43 65 60 66 35 1 2 51 25 59 47 67 65 4 67 19 67 67 37 46 14 58 1 38 33 26 2 21 54 35 
Success ---> Execution Time: 105.877 seconds

Process For Instance = 10
44 1 22 38 7 56 17 2 60 15 12 5 39 30 31 39 28 1 50 7 67 67 56 23 67 47 50 52 32 58 65 41 7 28 45 16 46 11 1 66 42 41 58 30 18 52 44 37 63 57 15 22 45 8 62 22 31 47 11 62 16 18 19 47 61 58 67 31 1 55 20 67 51 61 35 67 56 60 2 13 38 1 32 24 33 46 36 7 67 8 26 23 21 1 9 53 39 14 50 12 
Success ---> Execution Time: 222.731 seconds

Process For Instance = 11

Fail ---> Execution Time: 279.122 seconds

Process For Instance = 12

Fail ---> Execution Time: 287.302 seconds

Process For Instance = 13

Fail ---> Execution Time: 269.183 seconds

Process For Instance = 14

Fail ---> Execution Time: 300.714 seconds

Process For Instance = 15

Fail ---> Execution Time: 270.196 seconds

Process For Instance = 16

Fail ---> Execution Time: 284.295 seconds

Process For Instance = 17

Fail ---> Execution Time: 291.337 seconds

Process For Instance = 18
67 49 20 46 22 55 40 52 5 7 9 5 10 48 59 41 47 34 61 28 53 67 5 13 53 11 1 35 23 44 18 66 40 16 54 20 29 21 34 1 52 15 29 48 1 60 1 28 36 2 49 40 41 27 60 11 2 14 24 67 50 18 33 64 7 16 1 14 15 56 16 38 60 66 32 1 67 8 65 8 12 35 67 30 67 40 29 31 67 25 45 21 66 44 26 58 60 54 59 24 
Success ---> Execution Time: 113.776 seconds

Process For Instance = 19

Fail ---> Execution Time: 295.705 seconds

Total Execution Time: 5276.77 seconds

