Process For Instance = 0
1 20 14 18 18 9 10 21 16 24 25 6 8 6 20 26 10 24 4 16 2 11 26 26 15 1 10 13 26 1 
Success ---> Execution Time: 0.0270013 seconds

Process For Instance = 1
1 1 3 26 3 5 25 16 24 13 25 10 26 10 14 26 23 15 14 2 9 18 2 10 6 4 18 21 1 1 
Success ---> Execution Time: 0.0394126 seconds

Process For Instance = 2
1 10 25 26 17 24 12 16 12 24 6 19 5 3 26 25 22 4 8 26 18 1 1 18 16 13 10 10 23 1 
Success ---> Execution Time: 0.0509654 seconds

Process For Instance = 3
1 26 2 1 14 7 12 15 22 25 21 11 16 7 25 19 16 24 26 5 12 1 4 9 8 4 17 11 26 26 
Success ---> Execution Time: 0.0496072 seconds

Process For Instance = 4
1 9 4 1 2 10 6 23 3 20 14 22 7 22 26 26 7 14 13 24 1 18 1 17 8 26 9 12 13 26 
Success ---> Execution Time: 0.033535 seconds

Process For Instance = 5
1 9 21 18 19 2 22 9 17 10 25 24 6 17 15 26 1 12 4 14 1 18 1 26 16 20 10 24 2 1 
Success ---> Execution Time: 0.0536756 seconds

Process For Instance = 6
1 1 4 10 19 20 17 3 8 26 25 17 7 12 20 26 6 15 2 5 19 10 26 26 20 24 18 13 1 1 
Success ---> Execution Time: 0.0332058 seconds

Process For Instance = 7
1 1 4 1 22 7 23 20 14 11 16 8 5 21 14 16 14 21 2 2 9 24 1 17 26 5 9 22 6 26 
Success ---> Execution Time: 0.0245678 seconds

Process For Instance = 8
1 7 4 1 23 24 14 18 10 9 3 26 7 25 24 1 1 13 9 12 25 16 11 17 21 22 9 17 2 26 
Success ---> Execution Time: 0.0433556 seconds

Process For Instance = 9
1 7 2 18 23 26 6 4 9 15 19 25 17 11 7 1 4 11 11 10 25 16 1 10 21 20 26 22 23 1 
Success ---> Execution Time: 0.0442329 seconds

Process For Instance = 10
1 1 22 10 26 7 20 17 21 10 6 14 8 18 26 19 9 18 6 15 26 10 2 18 26 26 26 18 2 1 
Success ---> Execution Time: 0.0483894 seconds

Process For Instance = 11
1 2 24 18 10 25 16 17 11 26 22 19 25 10 7 17 14 5 1 1 10 25 14 10 9 23 26 19 1 1 
Success ---> Execution Time: 0.0260732 seconds

Process For Instance = 12
1 10 12 10 14 22 3 4 14 18 22 20 6 23 22 18 14 2 4 12 2 26 1 26 12 26 18 11 14 1 
Success ---> Execution Time: 0.038195 seconds

Process For Instance = 13
1 18 9 17 7 2 2 8 19 9 20 6 7 5 23 11 12 19 22 9 26 2 1 1 17 2 9 16 20 26 
Success ---> Execution Time: 0.052568 seconds

Process For Instance = 14
2 26 19 9 4 4 11 19 26 13 11 8 20 5 11 10 22 13 24 24 17 1 2 1 20 2 17 25 26 26 
Success ---> Execution Time: 0.034624 seconds

Process For Instance = 15
1 1 11 18 16 23 10 14 9 14 26 12 16 26 7 7 6 26 26 4 14 23 21 26 20 16 10 26 4 1 
Success ---> Execution Time: 0.0276406 seconds

Process For Instance = 16
1 1 7 9 2 10 15 1 19 9 6 22 5 12 14 7 26 18 19 19 26 15 1 17 25 4 1 26 23 26 
Success ---> Execution Time: 0.0250709 seconds

Process For Instance = 17
1 11 7 9 5 1 19 22 10 16 26 22 7 13 16 26 5 12 14 12 19 1 2 1 5 25 17 23 4 26 
Success ---> Execution Time: 0.0234314 seconds

Process For Instance = 18
1 1 2 17 3 19 11 1 6 9 21 14 19 16 9 8 24 13 23 5 15 26 2 1 18 5 9 26 25 26 
Success ---> Execution Time: 0.0282921 seconds

Process For Instance = 19
1 1 16 9 2 1 17 9 19 16 4 10 5 5 14 7 14 7 19 21 14 25 1 17 23 23 1 26 26 26 
Success ---> Execution Time: 0.0250439 seconds

Total Execution Time: 0.729797 seconds

