Process For Instance = 0
8 1 37 1 49 34 32 3 12 9 28 6 3 19 28 37 11 44 28 49 33 17 50 15 5 49 38 45 22 37 11 20 50 8 25 41 43 27 19 3 5 47 41 23 30 42 50 1 36 15 50 34 21 23 40 26 11 27 42 32 
Success ---> Execution Time: 7.01771 seconds

Process For Instance = 1
8 17 22 42 22 34 7 1 14 14 49 5 14 1 11 30 1 44 28 6 7 43 39 15 13 1 40 26 25 11 35 22 50 18 8 41 47 33 19 47 11 35 29 23 49 35 27 1 5 30 37 31 8 50 41 3 22 50 20 44 
Success ---> Execution Time: 12.0789 seconds

Process For Instance = 2
8 10 48 1 6 20 42 37 28 18 2 6 6 39 16 15 38 44 14 46 20 24 5 34 50 36 24 20 17 11 35 10 50 32 12 41 49 26 23 1 5 45 28 27 47 17 50 1 14 25 50 49 1 9 28 4 39 23 31 32 
Success ---> Execution Time: 7.09721 seconds

Process For Instance = 3
8 1 16 25 14 34 31 36 46 50 27 1 47 28 34 15 32 44 28 6 17 20 2 15 50 5 50 9 40 6 48 18 50 1 44 41 25 3 19 18 10 15 17 23 30 11 50 1 15 49 31 4 42 40 37 41 38 40 10 50 
Success ---> Execution Time: 7.52914 seconds

Process For Instance = 4
8 1 21 1 46 36 16 31 12 1 18 50 48 31 30 3 44 44 42 4 41 2 36 15 50 44 24 50 1 11 27 39 50 25 17 22 8 16 33 26 10 25 10 29 35 50 42 1 1 9 12 38 19 35 10 20 30 14 7 41 
Success ---> Execution Time: 8.24286 seconds

Process For Instance = 5
8 16 15 35 2 36 10 46 6 10 13 9 36 19 43 37 13 44 42 38 15 27 2 15 50 26 2 27 28 36 7 26 50 41 33 22 29 44 33 24 9 20 24 29 46 20 1 1 21 2 49 49 34 50 39 49 1 21 44 42 
Success ---> Execution Time: 8.29395 seconds

Process For Instance = 6
8 11 41 29 4 20 36 32 1 23 50 5 2 50 13 15 5 44 14 24 24 3 48 34 37 50 16 32 25 15 50 42 50 45 44 41 49 32 23 28 5 44 27 27 21 10 25 1 18 4 48 13 44 18 37 40 10 24 19 35 
Success ---> Execution Time: 7.27881 seconds

Process For Instance = 7
8 1 15 26 48 29 20 24 38 14 15 20 36 38 33 24 50 44 41 7 42 40 2 15 15 6 32 43 41 49 26 47 50 32 20 22 50 18 32 9 5 2 48 36 34 1 9 1 28 42 49 29 13 50 5 16 9 31 41 11 
Success ---> Execution Time: 7.42931 seconds

Process For Instance = 8
8 16 20 9 1 15 15 40 45 27 31 14 3 12 2 36 29 44 21 26 30 8 49 34 3 29 3 26 1 19 50 13 50 24 20 41 49 35 30 7 5 46 2 26 42 1 49 1 19 50 48 47 8 37 35 38 11 17 41 35 
Success ---> Execution Time: 7.55103 seconds

Process For Instance = 9
8 18 8 26 50 34 32 28 15 29 37 33 15 41 18 13 9 44 28 43 6 43 2 15 28 38 20 32 49 2 9 5 50 19 23 41 44 35 19 46 5 13 49 23 39 50 10 1 1 47 39 1 2 1 13 24 25 38 17 24 
Success ---> Execution Time: 6.35938 seconds

Process For Instance = 10
8 9 40 14 2 36 20 39 24 26 18 4 38 36 27 17 1 43 42 11 32 27 38 15 47 50 3 28 45 50 46 32 50 44 49 22 19 47 33 31 6 12 31 29 21 1 9 1 12 6 16 8 38 33 14 2 4 24 13 29 
Success ---> Execution Time: 7.15821 seconds

Process For Instance = 11
8 25 25 50 22 36 9 30 13 49 7 20 39 10 40 13 7 43 42 2 20 49 34 15 1 3 44 47 1 15 8 23 50 21 31 22 46 31 33 16 5 36 36 29 16 42 1 1 17 16 9 42 42 34 2 41 5 21 26 44 
Success ---> Execution Time: 7.37847 seconds

Process For Instance = 12
8 2 1 44 10 20 50 11 35 49 48 1 50 1 13 15 1 44 14 19 1 1 31 34 49 22 40 50 27 32 12 2 50 17 43 41 32 15 23 25 5 17 31 27 25 27 40 1 25 32 37 16 45 8 32 22 42 39 8 44 
Success ---> Execution Time: 7.00421 seconds

Process For Instance = 13
8 2 14 42 36 34 1 36 6 13 49 33 15 1 3 2 5 44 28 23 39 43 29 15 50 23 2 32 43 5 18 14 50 10 49 41 22 32 19 40 11 13 39 23 46 28 19 1 7 33 27 27 27 50 21 26 46 37 12 1 
Success ---> Execution Time: 6.72543 seconds

Process For Instance = 14
8 2 14 24 6 29 9 47 42 50 23 41 25 34 45 2 35 44 42 3 6 38 16 15 49 2 34 49 1 13 16 16 50 18 28 22 33 10 32 1 10 29 30 36 36 31 1 1 1 35 15 43 24 50 19 25 43 26 8 50 
Success ---> Execution Time: 7.93708 seconds

Process For Instance = 15
8 2 29 5 15 20 11 25 16 25 9 1 26 42 13 15 8 44 14 32 20 1 33 34 2 46 46 11 50 45 31 2 50 50 48 41 12 44 23 19 6 37 37 27 45 40 32 1 2 37 15 35 23 22 6 21 34 23 41 29 
Success ---> Execution Time: 8.61294 seconds

Process For Instance = 16
8 1 36 1 5 20 7 35 11 17 1 16 2 43 24 15 12 44 14 41 24 14 49 34 2 46 16 18 40 26 41 28 50 41 37 41 35 20 23 26 5 7 47 27 11 21 50 1 10 15 28 50 26 29 31 33 48 39 19 50 
Success ---> Execution Time: 8.6594 seconds

Process For Instance = 17
8 12 35 44 32 29 50 46 4 17 31 9 39 42 23 26 20 44 42 39 30 1 2 15 48 14 25 43 41 14 34 12 50 9 27 22 48 2 32 37 5 22 22 36 50 20 37 1 22 1 16 49 3 28 8 27 12 40 10 50 
Success ---> Execution Time: 7.29004 seconds

Process For Instance = 18
8 4 48 26 11 20 20 37 16 50 23 19 46 27 33 19 50 44 14 45 22 1 10 34 36 1 4 15 50 14 32 30 50 32 6 41 35 1 23 32 6 6 12 27 49 8 50 1 28 11 8 20 20 41 42 25 14 1 42 31 
Success ---> Execution Time: 6.78149 seconds

Process For Instance = 19
8 5 13 24 29 20 18 47 35 2 15 40 42 20 2 19 1 44 14 9 25 40 48 34 39 41 42 43 28 22 14 27 50 9 8 41 3 21 23 25 30 7 37 27 22 1 30 1 12 32 2 49 49 50 38 49 32 11 32 50 
Success ---> Execution Time: 6.98044 seconds

Total Execution Time: 153.408 seconds

