Process For Instance = 0
15 1 15 28 29 28 10 6 1 20 17 21 35 3 4 35 3 21 22 11 16 37 27 8 12 37 23 17 34 28 27 34 37 22 11 1 26 7 31 32 
Success ---> Execution Time: 2.10173 seconds

Process For Instance = 1
15 2 36 12 11 28 31 1 27 2 11 4 5 36 2 10 7 21 22 6 23 17 36 8 1 21 19 30 20 37 20 36 37 6 24 1 12 28 31 15 
Success ---> Execution Time: 2.00396 seconds

Process For Instance = 2
15 7 30 11 13 28 17 32 37 30 21 35 33 3 21 6 3 21 22 27 27 10 35 8 18 1 13 31 9 1 18 4 37 26 37 1 14 4 31 17 
Success ---> Execution Time: 2.56764 seconds

Process For Instance = 3
15 1 28 9 16 28 33 29 1 25 15 25 28 3 37 10 37 21 22 37 15 3 28 8 1 18 6 26 1 37 35 22 37 24 11 1 37 8 31 20 
Success ---> Execution Time: 1.69479 seconds

Process For Instance = 4
15 4 16 26 1 28 1 28 37 16 7 25 32 26 33 33 22 21 22 23 6 35 15 8 1 7 33 30 1 18 17 14 37 12 9 1 13 23 31 33 
Success ---> Execution Time: 1.82553 seconds

Process For Instance = 5
15 2 14 25 24 28 33 37 7 34 11 23 24 3 36 33 26 21 22 17 18 1 17 8 7 1 3 29 4 29 16 30 37 18 19 1 1 36 31 9 
Success ---> Execution Time: 1.88047 seconds

Process For Instance = 6
15 3 1 29 15 28 6 32 37 4 19 3 16 30 11 36 7 21 22 11 35 25 27 8 1 20 27 11 26 10 31 1 37 15 23 1 8 31 31 35 
Success ---> Execution Time: 1.74186 seconds

Process For Instance = 7
15 2 36 27 23 28 4 8 19 15 28 22 5 32 1 2 14 21 22 1 34 22 21 8 37 10 15 11 1 35 32 37 37 14 1 1 16 29 31 26 
Success ---> Execution Time: 3.52607 seconds

Process For Instance = 8
15 5 24 15 23 28 1 37 7 1 3 27 34 12 4 30 24 21 22 32 23 10 17 8 4 37 12 13 14 21 36 22 37 28 33 1 3 11 31 7 
Success ---> Execution Time: 1.84711 seconds

Process For Instance = 9
15 2 14 23 20 28 7 31 2 11 18 36 5 29 5 36 5 21 22 37 22 24 22 8 11 32 26 10 6 1 26 10 37 36 37 1 14 35 31 17 
Success ---> Execution Time: 1.92745 seconds

Process For Instance = 10
15 7 18 27 10 28 33 7 2 28 18 10 26 19 36 1 30 21 22 23 19 24 37 8 10 8 12 34 25 37 17 32 37 13 2 1 36 15 31 14 
Success ---> Execution Time: 1.51521 seconds

Process For Instance = 11
15 1 31 11 30 28 36 30 19 22 1 20 23 5 22 32 21 21 22 8 33 21 14 8 2 1 23 16 35 12 27 37 37 5 35 1 16 4 31 10 
Success ---> Execution Time: 1.95362 seconds

Process For Instance = 12
15 3 10 1 15 28 28 19 37 31 30 15 35 4 32 10 30 21 22 25 17 6 2 8 37 22 13 24 6 37 13 4 37 14 37 1 25 2 31 18 
Success ---> Execution Time: 1.8624 seconds

Process For Instance = 13
15 1 1 25 36 28 18 22 14 11 36 15 5 24 11 3 6 21 22 2 32 30 37 8 24 34 10 9 29 1 20 29 37 6 31 1 18 37 31 17 
Success ---> Execution Time: 1.64776 seconds

Process For Instance = 14
15 3 14 27 7 28 9 1 37 20 11 4 17 34 34 9 30 21 22 6 11 34 19 8 36 3 32 27 36 25 18 21 37 20 2 1 25 33 31 15 
Success ---> Execution Time: 1.37497 seconds

Process For Instance = 15
15 1 14 28 33 28 22 18 5 4 28 22 5 22 1 10 21 21 22 23 11 35 2 8 36 37 1 28 34 2 17 37 37 9 14 1 18 32 31 37 
Success ---> Execution Time: 1.48544 seconds

Process For Instance = 16
15 3 11 34 21 28 17 37 26 5 15 8 13 37 20 4 1 21 22 10 7 28 21 8 36 1 30 11 33 2 26 1 37 7 31 1 36 22 31 14 
Success ---> Execution Time: 1.62377 seconds

Process For Instance = 17
15 10 37 3 17 28 30 1 25 8 15 10 25 35 28 29 15 21 22 6 3 23 37 8 7 15 21 21 22 37 33 36 37 9 28 1 32 13 31 3 
Success ---> Execution Time: 1.78783 seconds

Process For Instance = 18
15 2 22 3 21 28 29 1 33 30 37 5 31 6 36 36 20 21 22 15 37 8 5 8 26 13 6 17 17 23 32 25 37 17 36 1 18 1 31 11 
Success ---> Execution Time: 1.64231 seconds

Process For Instance = 19
15 8 14 3 21 28 37 1 29 35 15 22 22 12 34 35 31 21 22 20 16 9 9 8 25 23 6 28 5 33 17 37 37 19 3 1 32 3 31 18 
Success ---> Execution Time: 1.54341 seconds

Total Execution Time: 37.5544 seconds

