Process For Instance = 0
22 54 34 60 2 15 26 41 5 42 28 3 60 18 1 42 52 40 31 42 34 9 21 43 36 29 51 8 2 1 44 21 34 33 59 26 57 59 1 48 36 14 48 53 60 40 46 45 20 60 11 51 9 49 8 27 38 13 60 50 45 15 53 22 19 36 38 25 2 30 15 31 36 26 1 26 1 20 51 7 
Success ---> Execution Time: 65.1425 seconds

Process For Instance = 1

Fail ---> Execution Time: 169.226 seconds

Process For Instance = 2
40 7 29 37 39 60 52 47 15 5 51 59 47 59 8 13 9 20 60 60 20 55 40 29 53 32 51 60 1 4 46 28 23 4 20 35 29 13 19 53 24 35 28 45 22 13 2 1 41 1 12 41 52 47 53 33 6 1 43 1 25 44 55 39 38 24 26 31 1 60 46 20 16 36 60 55 9 18 9 56 
Success ---> Execution Time: 28.1508 seconds

Process For Instance = 3
17 54 27 50 1 15 54 1 57 41 60 2 51 23 23 60 52 41 50 24 43 7 13 27 12 29 19 33 42 59 14 16 3 49 31 26 28 59 20 45 1 55 33 53 39 37 16 3 20 60 34 11 9 9 8 26 22 60 1 31 36 21 42 22 40 36 1 1 33 11 15 53 45 13 1 46 44 43 11 35 
Success ---> Execution Time: 24.7449 seconds

Process For Instance = 4
1 7 30 10 19 32 30 47 25 31 9 58 12 2 55 45 9 20 38 50 20 54 35 60 6 32 25 24 57 42 46 30 44 27 27 35 49 2 57 37 16 14 12 45 59 28 23 50 41 1 34 9 52 52 53 18 5 19 60 26 25 17 9 39 36 60 41 51 1 1 46 11 16 5 60 44 7 51 39 22 
Success ---> Execution Time: 119.508 seconds

Process For Instance = 5
45 4 19 1 48 42 29 13 25 36 18 28 15 3 59 31 51 14 20 50 41 23 38 26 6 25 46 27 50 11 32 11 33 21 58 53 12 6 60 1 19 27 47 27 59 50 38 17 36 60 60 42 9 37 56 33 4 22 1 48 44 15 37 39 28 52 7 25 60 34 31 58 18 41 1 16 2 54 34 5 
Success ---> Execution Time: 100.505 seconds

Process For Instance = 6
19 54 11 60 60 26 42 1 58 5 29 3 49 22 5 17 52 41 2 2 41 7 23 20 11 29 52 58 6 41 37 32 35 48 16 26 53 59 40 42 1 24 33 53 25 26 60 5 20 60 14 52 9 52 8 15 38 12 13 39 36 60 49 22 20 42 19 51 60 32 15 33 45 60 1 7 34 8 48 28 
Success ---> Execution Time: 29.2116 seconds

Process For Instance = 7
40 6 49 15 46 7 42 50 42 48 10 35 36 3 17 23 52 21 37 35 57 31 41 43 17 32 35 31 52 2 40 14 59 28 58 50 21 14 60 2 22 51 1 39 51 12 20 52 43 60 60 15 1 29 56 33 20 47 1 60 16 42 14 45 40 20 25 30 43 27 38 54 25 29 9 8 60 52 25 23 
Success ---> Execution Time: 115.716 seconds

Process For Instance = 8

Fail ---> Execution Time: 166.104 seconds

Process For Instance = 9
26 7 12 25 14 49 38 60 56 35 4 32 30 2 44 44 9 21 56 13 22 36 60 16 60 35 51 54 60 60 17 1 1 14 22 56 48 38 44 18 30 30 54 32 32 10 42 41 24 1 42 23 51 38 5 19 47 59 51 14 16 24 24 46 31 1 52 51 60 35 29 3 42 38 60 6 60 6 41 54 
Success ---> Execution Time: 29.0361 seconds

Process For Instance = 10
24 7 33 60 33 46 21 60 54 42 56 58 60 25 45 13 9 20 24 47 22 52 34 26 1 32 52 55 58 15 46 60 13 13 46 35 49 2 21 37 1 37 28 8 38 29 3 14 41 1 32 34 52 6 53 34 17 4 10 30 25 46 29 39 40 23 43 57 1 6 46 11 16 20 60 54 58 39 29 1 
Success ---> Execution Time: 22.9219 seconds

Process For Instance = 11
17 54 58 28 18 35 37 29 8 38 56 29 1 47 39 33 52 15 42 10 40 14 60 19 12 26 60 48 6 44 33 60 30 22 54 5 43 57 40 60 1 47 7 28 2 22 9 60 37 60 13 58 10 7 48 1 26 8 1 21 45 46 51 39 14 16 28 59 21 6 32 1 19 51 1 36 45 35 31 57 
Success ---> Execution Time: 25.6332 seconds

Process For Instance = 12

Fail ---> Execution Time: 147.448 seconds

Process For Instance = 13
41 6 16 60 15 50 18 22 18 33 60 35 23 5 12 43 52 21 36 27 20 31 44 6 60 32 52 57 58 35 39 57 36 29 3 49 20 14 46 49 24 10 1 35 2 29 50 26 43 60 12 35 1 24 56 41 46 3 50 26 16 17 6 45 36 60 44 50 1 19 38 10 25 60 9 32 2 44 39 56 
Success ---> Execution Time: 57.2931 seconds

Process For Instance = 14
19 54 34 55 18 27 40 16 48 54 10 2 46 3 2 14 52 40 56 27 34 6 56 9 60 29 20 36 25 43 44 42 24 32 49 26 31 47 60 60 60 1 7 14 1 52 59 60 20 60 35 17 9 26 56 1 36 12 58 50 45 37 18 22 39 37 8 23 19 1 15 43 36 38 1 13 52 29 47 60 
Success ---> Execution Time: 56.1615 seconds

Process For Instance = 15
38 54 59 1 42 34 14 51 16 55 33 8 14 2 44 46 52 21 18 59 11 1 59 52 23 32 60 23 31 18 16 28 32 28 25 35 18 14 21 2 45 5 1 6 5 49 40 24 41 60 9 59 1 60 56 44 51 58 20 14 16 60 2 39 7 59 25 35 41 28 46 30 25 25 9 35 51 37 49 6 
Success ---> Execution Time: 31.8419 seconds

Process For Instance = 16

Fail ---> Execution Time: 143.344 seconds

Process For Instance = 17
9 54 4 16 56 18 14 40 60 49 47 29 60 9 2 48 52 15 32 10 25 39 12 28 41 26 1 19 50 55 32 17 34 23 20 5 57 59 53 41 21 52 7 33 2 15 39 10 37 60 44 35 10 41 48 1 11 24 60 12 45 60 35 39 30 51 57 26 2 37 32 1 19 49 1 28 43 9 35 44 
Success ---> Execution Time: 40.7807 seconds

Process For Instance = 18
26 5 30 29 20 41 15 35 16 52 60 35 22 41 44 11 52 21 36 11 43 31 53 16 29 32 47 13 52 58 15 57 60 28 60 50 19 14 6 2 6 50 55 60 48 10 46 31 43 60 22 24 1 5 2 23 28 51 1 1 16 40 3 45 47 50 60 19 19 1 38 58 25 30 9 40 5 38 35 5 
Success ---> Execution Time: 98.1009 seconds

Process For Instance = 19
18 55 55 60 7 11 47 23 19 26 27 26 23 3 60 21 9 40 34 50 5 30 35 17 15 29 40 9 37 2 45 43 1 32 18 12 56 47 1 38 22 11 60 22 2 12 32 28 18 1 11 56 60 51 5 55 27 47 36 59 45 39 7 16 39 37 12 50 60 32 23 3 36 30 52 1 1 52 18 37 
Success ---> Execution Time: 34.0443 seconds

Total Execution Time: 1504.92 seconds

