Process For Instance = 0
1 15 28 21 1 33 18 8 4 32 4 6 20 8 33 9 2 10 28 14 33 1 27 30 24 33 3 12 33 12 18 21 6 22 15 26 17 1 29 26 
Success ---> Execution Time: 1.66945 seconds

Process For Instance = 1
1 14 10 32 14 1 11 23 10 23 28 5 5 13 24 8 22 15 28 8 1 33 16 19 16 1 1 10 24 10 33 20 33 7 6 25 28 33 14 17 
Success ---> Execution Time: 1.88595 seconds

Process For Instance = 2
1 20 17 1 18 6 4 23 18 18 4 30 5 2 18 26 11 3 7 19 33 1 1 22 33 25 9 33 15 31 32 14 27 33 27 9 22 16 10 11 
Success ---> Execution Time: 2.30724 seconds

Process For Instance = 3
1 15 6 24 3 15 5 21 6 33 25 5 5 13 33 9 31 18 30 14 33 1 1 14 24 8 1 18 33 33 24 21 24 28 18 26 29 2 8 11 
Success ---> Execution Time: 2.51892 seconds

Process For Instance = 4
1 14 5 1 1 9 4 15 27 33 30 6 20 27 33 8 11 1 27 8 1 33 27 11 22 30 33 12 10 24 18 20 6 33 10 25 17 22 3 26 
Success ---> Execution Time: 2.52054 seconds

Process For Instance = 5
1 14 12 33 16 28 33 21 6 26 7 5 17 5 26 8 1 18 29 28 1 33 1 1 16 33 10 12 25 20 15 20 6 11 2 25 20 2 33 33 
Success ---> Execution Time: 2.1515 seconds

Process For Instance = 6
1 15 31 14 1 11 33 33 1 31 7 5 20 5 33 9 33 16 31 26 33 1 1 1 19 1 32 12 27 23 19 21 6 26 13 26 17 3 15 26 
Success ---> Execution Time: 2.00042 seconds

Process For Instance = 7
5 14 29 13 14 8 2 16 23 23 11 1 1 10 24 8 32 11 30 29 1 33 5 21 17 21 33 33 19 4 1 20 10 26 4 25 28 1 33 17 
Success ---> Execution Time: 1.58829 seconds

Process For Instance = 8
1 14 10 23 2 33 27 1 13 9 7 5 19 22 33 8 29 3 28 27 1 33 1 1 15 18 12 24 33 32 6 20 6 12 10 25 29 26 20 13 
Success ---> Execution Time: 1.75451 seconds

Process For Instance = 9
1 14 19 3 2 18 18 3 8 33 26 5 5 22 33 8 31 2 29 13 1 33 1 11 17 18 33 10 12 20 5 20 24 10 16 25 29 25 32 17 
Success ---> Execution Time: 3.76203 seconds

Process For Instance = 10
6 14 21 1 1 5 32 13 31 32 30 1 10 30 33 8 4 11 30 11 1 33 26 17 17 22 9 19 3 28 16 20 1 33 10 25 13 20 1 26 
Success ---> Execution Time: 2.04824 seconds

Process For Instance = 11
1 15 16 21 2 32 31 2 11 29 6 5 17 25 26 9 33 1 28 16 33 1 1 1 23 18 32 12 1 10 8 21 6 9 18 26 20 22 28 33 
Success ---> Execution Time: 2.20495 seconds

Process For Instance = 12
1 14 5 19 2 1 25 16 20 17 11 5 19 32 33 8 28 11 30 28 1 33 11 1 23 1 11 24 3 33 16 20 6 23 13 25 29 33 5 13 
Success ---> Execution Time: 1.94884 seconds

Process For Instance = 13
7 14 24 3 2 9 26 2 24 24 30 1 25 32 1 8 5 13 27 9 1 33 17 19 31 29 11 33 8 30 18 20 12 23 17 25 28 32 14 19 
Success ---> Execution Time: 1.91908 seconds

Process For Instance = 14
1 15 23 1 2 8 1 28 33 24 7 7 17 13 26 9 19 12 29 26 33 1 1 11 33 33 22 12 29 33 4 21 6 21 14 26 20 1 13 33 
Success ---> Execution Time: 1.6449 seconds

Process For Instance = 15
1 15 1 23 2 33 7 12 6 32 18 5 5 12 24 9 20 29 29 9 33 1 1 12 17 8 1 10 22 32 33 21 33 4 14 26 28 21 29 17 
Success ---> Execution Time: 1.69747 seconds

Process For Instance = 16
5 14 18 2 15 16 28 30 25 27 26 1 1 22 26 8 28 8 27 13 1 33 5 22 18 19 14 16 8 33 1 20 10 1 2 25 21 23 8 33 
Success ---> Execution Time: 1.62633 seconds

Process For Instance = 17
1 14 11 33 2 25 20 3 12 9 29 5 19 16 33 8 33 21 27 12 1 33 14 11 17 1 1 24 25 22 7 20 6 11 14 25 29 32 21 13 
Success ---> Execution Time: 1.90261 seconds

Process For Instance = 18
1 15 22 24 1 14 21 8 28 33 4 5 5 25 33 9 8 18 29 13 33 1 11 11 17 31 2 18 8 33 15 21 24 1 11 26 29 33 20 11 
Success ---> Execution Time: 2.04817 seconds

Process For Instance = 19
1 14 20 2 12 1 13 25 10 9 29 6 19 23 33 8 29 16 27 9 1 33 11 12 31 3 33 24 1 22 13 20 6 32 2 25 29 8 14 13 
Success ---> Execution Time: 1.91356 seconds

Total Execution Time: 41.114 seconds

