Process For Instance = 0
2 18 6 8 3 22 13 25 2 24 3 16 2 28 22 1 9 1 24 1 28 13 24 27 18 8 28 21 21 13 
Success ---> Execution Time: 0.026706 seconds

Process For Instance = 1
1 26 11 9 24 22 6 26 14 5 25 1 3 12 12 18 24 28 18 1 1 15 2 21 28 3 16 5 14 20 
Success ---> Execution Time: 0.0396206 seconds

Process For Instance = 2
2 22 15 8 24 21 25 2 10 26 10 28 10 13 3 27 14 1 25 2 12 24 5 14 20 1 15 16 26 28 
Success ---> Execution Time: 0.0338387 seconds

Process For Instance = 3
3 28 13 8 1 22 13 15 17 24 3 16 3 22 24 27 16 28 3 10 10 28 4 27 16 8 1 10 9 23 
Success ---> Execution Time: 0.0242278 seconds

Process For Instance = 4
3 13 20 8 13 21 25 22 9 21 3 28 4 24 26 22 8 1 6 17 1 11 2 28 7 6 15 4 26 28 
Success ---> Execution Time: 0.0254955 seconds

Process For Instance = 5
1 23 16 9 4 22 6 1 2 11 9 28 27 7 21 20 8 16 12 25 12 17 6 26 1 19 1 5 17 28 
Success ---> Execution Time: 0.0280714 seconds

Process For Instance = 6
2 11 18 21 25 7 18 4 2 9 26 1 14 1 8 4 18 13 4 21 15 8 6 8 15 19 28 15 27 25 
Success ---> Execution Time: 0.025021 seconds

Process For Instance = 7
1 18 5 21 23 7 17 28 7 1 16 13 21 25 1 12 17 28 27 9 15 4 27 23 2 19 1 23 6 13 
Success ---> Execution Time: 0.0236261 seconds

Process For Instance = 8
1 11 3 8 4 21 25 7 22 7 10 28 1 20 28 24 26 1 11 1 13 25 18 22 13 10 15 9 17 27 
Success ---> Execution Time: 0.0196775 seconds

Process For Instance = 9
2 28 21 8 24 22 13 22 10 22 10 16 6 2 3 20 27 28 28 9 13 25 12 20 28 11 1 12 20 5 
Success ---> Execution Time: 0.0211339 seconds

Process For Instance = 10
2 21 13 21 21 7 16 24 19 12 26 13 2 2 12 9 12 1 7 12 4 6 26 3 19 22 28 22 27 5 
Success ---> Execution Time: 0.0177379 seconds

Process For Instance = 11
1 23 6 9 26 22 4 7 7 24 4 1 20 24 9 1 13 28 8 17 18 11 28 17 2 13 16 14 1 14 
Success ---> Execution Time: 0.0446236 seconds

Process For Instance = 12
1 23 16 21 23 7 16 10 6 16 14 13 4 12 11 24 8 1 23 5 4 3 2 9 20 28 28 16 22 9 
Success ---> Execution Time: 0.0222297 seconds

Process For Instance = 13
2 16 28 21 27 7 18 2 21 13 11 13 8 6 4 14 13 28 18 24 16 20 3 28 16 20 1 26 22 11 
Success ---> Execution Time: 0.0229533 seconds

Process For Instance = 14
1 13 20 8 26 22 12 28 17 24 6 16 10 13 8 23 12 1 15 21 15 22 8 19 1 28 28 4 25 28 
Success ---> Execution Time: 0.0379273 seconds

Process For Instance = 15
1 23 11 20 3 7 25 22 9 17 11 28 10 2 13 28 21 1 20 14 19 2 2 16 24 18 13 15 4 18 
Success ---> Execution Time: 0.0216557 seconds

Process For Instance = 16
1 21 4 20 18 7 23 5 22 14 4 28 19 20 8 8 11 1 18 27 26 18 27 19 8 27 13 21 26 15 
Success ---> Execution Time: 0.0316558 seconds

Process For Instance = 17
2 26 10 8 1 22 11 4 21 10 23 16 10 3 11 26 2 1 1 10 21 14 1 13 27 22 28 1 20 17 
Success ---> Execution Time: 0.0254743 seconds

Process For Instance = 18
3 18 1 21 10 7 16 22 12 3 15 13 9 18 20 15 2 28 20 25 26 2 10 21 4 4 1 5 16 28 
Success ---> Execution Time: 0.0172763 seconds

Process For Instance = 19
2 13 25 8 17 22 13 2 14 3 25 16 24 3 7 19 15 28 1 28 26 5 4 17 9 14 1 27 4 18 
Success ---> Execution Time: 0.0207246 seconds

Total Execution Time: 0.530466 seconds

