Process For Instance = 0
8 9 12 3 28 29 34 1 19 39 27 22 33 19 38 2 25 44 41 33 2 50 17 15 50 27 10 41 9 17 30 49 50 23 13 22 26 15 32 48 5 33 44 36 21 42 8 1 43 50 
Success ---> Execution Time: 4.10904 seconds

Process For Instance = 1
8 12 38 5 8 36 11 50 29 18 7 11 18 40 26 37 43 44 42 12 26 27 20 15 1 48 1 32 41 36 45 38 50 42 2 22 50 10 33 26 11 22 38 29 23 20 1 1 39 17 
Success ---> Execution Time: 4.18637 seconds

Process For Instance = 2
8 5 43 33 48 15 49 44 6 32 10 50 44 17 10 35 38 44 21 38 2 31 49 34 16 19 49 13 35 17 40 18 50 39 4 41 15 23 30 23 12 26 16 26 26 24 2 1 33 1 
Success ---> Execution Time: 3.80258 seconds

Process For Instance = 3
8 1 5 24 16 15 10 26 40 41 8 15 17 32 46 17 14 44 21 31 23 33 1 34 32 34 50 9 32 43 18 16 50 1 25 41 9 28 30 50 5 1 28 26 44 48 19 1 42 16 
Success ---> Execution Time: 3.61965 seconds

Process For Instance = 4
8 4 31 5 33 29 26 40 22 14 28 20 41 24 16 3 24 44 41 1 3 47 46 15 13 50 9 12 2 9 35 50 50 35 38 22 49 33 32 1 5 34 50 36 44 14 1 1 12 41 
Success ---> Execution Time: 5.11512 seconds

Process For Instance = 5
8 1 12 35 11 29 1 15 20 21 37 11 46 50 3 26 23 44 42 9 30 8 16 15 1 46 1 27 2 23 14 46 50 41 39 22 5 14 32 7 5 46 34 36 44 28 50 1 34 23 
Success ---> Execution Time: 4.32279 seconds

Process For Instance = 6
8 1 41 25 21 15 48 17 33 2 50 1 29 40 50 34 6 44 21 1 14 29 17 34 49 16 23 37 38 43 48 41 50 37 15 41 47 1 30 50 6 9 9 26 30 9 1 1 11 6 
Success ---> Execution Time: 4.02486 seconds

Process For Instance = 7
8 10 10 19 17 20 25 1 29 2 50 8 13 48 1 37 24 44 14 7 7 17 50 34 14 50 19 37 44 30 25 37 50 35 11 41 27 1 23 42 5 22 47 27 1 43 8 1 34 40 
Success ---> Execution Time: 4.15532 seconds

Process For Instance = 8
8 21 18 1 17 29 7 29 34 46 20 39 2 2 38 25 28 44 41 4 34 14 16 15 5 28 46 12 48 1 3 13 50 24 38 22 24 12 32 8 6 9 29 36 40 42 50 1 31 47 
Success ---> Execution Time: 4.30079 seconds

Process For Instance = 9
8 26 1 28 46 29 34 1 44 6 36 40 34 16 36 19 46 44 42 31 5 42 38 15 29 18 48 2 50 29 35 18 50 50 22 22 16 1 32 34 5 17 18 36 11 12 21 1 46 9 
Success ---> Execution Time: 4.12616 seconds

Process For Instance = 10
8 3 47 16 50 36 10 19 4 28 29 15 49 11 38 2 12 44 42 24 23 35 46 15 37 29 8 43 1 6 29 36 50 24 19 22 40 9 33 40 7 47 46 29 14 42 50 1 30 1 
Success ---> Execution Time: 4.1787 seconds

Process For Instance = 11
8 7 21 31 50 36 37 21 50 16 35 40 17 29 43 13 16 44 42 27 34 29 2 15 35 11 11 27 15 1 16 42 50 46 4 22 1 28 33 38 10 50 32 29 42 6 14 1 40 1 
Success ---> Execution Time: 3.85578 seconds

Process For Instance = 12
8 1 50 12 36 36 43 39 23 45 13 17 13 14 5 14 50 44 42 49 37 50 2 15 41 37 29 30 48 23 46 5 50 18 8 22 31 3 33 40 5 7 39 29 19 31 1 1 41 27 
Success ---> Execution Time: 3.68776 seconds

Process For Instance = 13
8 7 17 8 2 15 2 6 38 39 50 42 33 22 41 16 20 44 21 1 1 36 2 34 32 32 30 15 2 27 40 16 50 44 46 41 50 6 30 33 6 17 18 26 49 22 13 1 18 50 
Success ---> Execution Time: 3.98036 seconds

Process For Instance = 14
8 4 23 1 34 15 49 13 39 46 44 21 47 12 33 35 40 44 21 49 41 37 1 34 16 14 18 15 34 1 40 4 50 8 3 41 14 27 30 23 5 50 30 26 23 28 20 1 38 42 
Success ---> Execution Time: 4.69598 seconds

Process For Instance = 15
8 5 26 3 11 15 31 1 13 38 26 49 18 29 40 2 38 44 21 21 47 50 18 34 49 50 8 19 33 17 28 37 50 22 50 41 33 7 30 5 13 41 45 26 39 43 9 1 26 16 
Success ---> Execution Time: 4.22602 seconds

Process For Instance = 16
8 8 30 50 16 36 12 8 3 34 50 21 21 3 40 37 31 44 42 38 11 1 19 15 47 20 15 38 1 16 28 29 50 35 9 22 3 41 33 49 9 39 22 29 50 43 26 1 13 6 
Success ---> Execution Time: 4.70472 seconds

Process For Instance = 17
8 1 32 15 9 29 9 17 1 23 5 1 35 44 7 28 2 44 42 50 28 33 49 15 16 45 12 22 28 45 49 28 50 50 37 22 42 4 32 17 5 11 18 36 29 40 24 1 17 23 
Success ---> Execution Time: 3.75969 seconds

Process For Instance = 18
8 8 17 2 21 29 39 43 35 50 1 5 3 41 41 2 24 44 41 48 23 50 17 15 49 29 31 28 49 15 18 12 50 10 11 22 50 40 32 35 11 23 33 36 43 22 30 1 18 50 
Success ---> Execution Time: 3.71663 seconds

Process For Instance = 19
8 3 1 50 36 15 25 39 34 18 23 50 33 2 43 34 25 44 21 45 3 2 50 34 1 16 16 50 1 31 41 1 50 44 10 41 13 49 30 43 10 12 15 26 22 9 17 1 20 31 
Success ---> Execution Time: 3.99007 seconds

Total Execution Time: 82.5598 seconds

