Process For Instance = 0
9 32 61 18 38 22 34 40 30 22 53 36 45 51 42 39 49 15 16 59 19 21 3 46 12 51 6 19 47 30 52 22 1 46 58 53 1 35 42 41 6 1 13 30 60 10 59 37 21 26 26 2 24 1 14 5 11 61 28 9 27 5 21 55 27 58 61 48 32 21 
Success ---> Execution Time: 38.1109 seconds

Process For Instance = 1
53 39 8 52 24 40 1 46 15 1 55 42 13 35 60 9 38 47 46 60 43 19 21 16 50 35 20 5 11 31 28 37 61 59 18 9 53 4 20 55 54 61 55 32 13 26 10 25 37 19 49 44 47 43 61 50 29 1 13 2 15 57 60 7 35 60 1 3 9 58 
Success ---> Execution Time: 18.0107 seconds

Process For Instance = 2
53 50 2 26 61 15 18 61 41 30 15 26 32 3 35 42 45 8 9 10 39 25 20 37 1 56 27 17 50 41 7 51 61 7 36 30 4 23 41 57 55 6 14 23 31 33 54 46 14 12 57 10 40 47 45 34 53 12 31 35 20 57 61 28 20 11 1 20 21 3 
Success ---> Execution Time: 8.63245 seconds

Process For Instance = 3
53 34 1 10 60 40 21 41 46 8 24 1 17 40 29 21 38 47 46 13 11 13 61 16 50 54 53 12 10 33 55 1 61 50 50 9 41 29 20 2 55 18 45 32 5 59 4 25 9 43 43 30 18 34 23 25 61 6 12 61 43 57 28 7 35 1 1 31 16 30 
Success ---> Execution Time: 12.46 seconds

Process For Instance = 4
53 53 19 29 31 15 50 27 1 61 53 24 49 1 53 31 34 8 9 22 42 34 41 37 13 10 34 18 47 1 8 60 61 6 43 30 13 60 41 7 56 39 25 23 38 42 16 46 40 37 32 25 2 59 11 45 1 50 60 5 59 57 3 28 20 21 1 13 52 14 
Success ---> Execution Time: 14.7636 seconds

Process For Instance = 5
53 10 20 53 44 40 59 36 5 26 61 1 20 10 61 39 9 47 46 56 56 19 2 16 20 40 1 28 22 50 49 15 61 1 59 9 47 12 20 39 56 14 23 32 57 45 28 25 61 29 8 3 36 11 18 41 2 61 31 46 39 57 52 7 35 40 1 25 50 29 
Success ---> Execution Time: 11.9957 seconds

Process For Instance = 6
53 30 30 55 1 40 25 21 41 10 8 43 37 42 2 8 41 47 46 31 10 58 50 16 61 12 15 12 61 29 3 50 61 16 48 9 27 59 20 5 54 52 61 32 51 1 37 25 14 38 50 59 40 47 18 44 1 1 14 3 8 57 28 7 35 43 1 61 30 29 
Success ---> Execution Time: 9.64176 seconds

Process For Instance = 7
53 8 6 46 59 15 30 25 34 1 60 19 14 25 26 16 8 8 9 43 40 18 24 37 2 16 19 51 10 5 61 2 61 10 37 30 34 24 41 56 56 50 55 23 21 53 40 46 53 37 47 18 40 61 12 34 5 35 42 32 61 57 50 28 20 61 1 12 46 4 
Success ---> Execution Time: 73.2362 seconds

Process For Instance = 8
9 10 44 12 17 22 19 7 31 1 35 1 6 45 57 52 47 15 16 2 47 43 61 46 23 25 17 2 29 15 19 42 1 53 11 53 41 61 42 26 7 56 58 30 38 61 27 37 21 36 39 36 52 1 30 34 31 35 1 48 17 5 14 55 27 56 61 51 58 22 
Success ---> Execution Time: 9.26158 seconds

Process For Instance = 9
53 59 1 39 45 40 27 1 50 14 56 51 53 4 22 39 5 47 46 36 23 34 25 16 15 56 17 16 34 13 41 27 61 61 29 9 1 19 20 19 54 42 31 32 24 19 45 25 31 47 45 60 3 9 36 52 10 61 55 5 30 57 47 7 35 35 1 6 51 58 
Success ---> Execution Time: 10.1209 seconds

Process For Instance = 10
9 60 16 44 1 22 1 47 61 61 28 33 1 48 52 44 30 15 16 22 41 39 1 46 20 25 54 47 15 61 18 1 1 53 55 53 8 33 42 42 8 5 29 30 8 10 22 37 43 7 59 7 40 33 32 11 52 52 13 50 27 5 61 55 27 18 61 38 23 21 
Success ---> Execution Time: 13.1203 seconds

Process For Instance = 11
53 52 46 18 2 15 24 28 38 34 8 60 56 25 56 48 36 8 9 60 39 17 28 37 61 31 49 13 48 36 23 15 61 42 19 30 32 8 41 46 55 22 6 23 35 52 61 46 23 1 15 8 61 9 42 1 48 6 1 32 39 57 15 28 20 1 1 2 58 3 
Success ---> Execution Time: 12.8667 seconds

Process For Instance = 12
9 17 49 61 56 22 32 50 28 25 38 34 43 34 2 56 28 15 16 45 28 24 17 46 45 40 5 1 10 15 46 16 1 44 49 53 57 10 42 60 6 44 27 30 36 9 1 37 26 25 52 18 7 17 43 54 1 2 9 1 61 5 36 55 27 15 61 55 4 21 
Success ---> Execution Time: 27.0637 seconds

Process For Instance = 13
53 42 1 59 19 40 24 13 18 2 22 43 51 38 51 10 18 47 46 27 31 61 60 16 41 10 8 15 61 38 2 54 61 53 56 9 21 59 20 44 56 52 20 32 61 32 6 25 9 35 25 25 27 44 49 28 39 50 1 2 9 57 28 7 35 12 1 41 10 30 
Success ---> Execution Time: 9.80044 seconds

Process For Instance = 14
53 6 44 32 54 15 52 17 22 30 47 61 50 45 56 48 28 8 9 1 3 10 35 37 61 7 28 25 13 56 51 58 61 1 14 30 58 42 41 59 51 38 38 23 32 39 28 46 8 19 33 38 59 61 20 44 29 16 43 22 32 57 1 28 20 13 1 10 5 4 
Success ---> Execution Time: 8.56711 seconds

Process For Instance = 15

Fail ---> Execution Time: 122.66 seconds

Process For Instance = 16
53 48 26 9 23 40 51 47 1 46 6 1 14 2 40 6 52 47 46 28 38 58 35 16 60 59 14 3 39 28 13 39 61 42 29 9 52 43 20 61 56 53 22 32 31 21 13 25 33 18 23 9 40 33 56 36 61 25 20 61 46 57 13 7 35 29 1 55 38 30 
Success ---> Execution Time: 13.3796 seconds

Process For Instance = 17
9 9 36 15 21 47 41 28 23 42 49 33 46 11 45 26 61 54 53 7 16 1 1 25 50 5 59 50 61 56 27 35 1 9 36 32 55 22 21 25 8 15 17 39 59 61 19 16 34 28 11 2 39 52 30 37 1 33 41 45 26 5 12 34 42 40 61 44 56 4 
Success ---> Execution Time: 8.73503 seconds

Process For Instance = 18
9 60 43 52 7 22 10 6 14 60 46 50 2 25 18 56 26 15 16 40 33 53 37 46 1 27 53 39 1 24 30 25 1 19 1 53 46 15 42 43 7 13 46 30 21 32 40 37 29 61 44 13 52 1 33 3 61 15 8 59 21 5 48 55 27 8 61 61 52 32 
Success ---> Execution Time: 16.7234 seconds

Process For Instance = 19
9 2 23 46 49 22 52 61 56 12 9 58 12 37 38 56 27 15 16 32 59 25 19 46 1 6 42 41 40 34 12 23 1 16 61 53 40 53 42 44 8 49 29 30 55 1 42 37 2 59 24 21 20 33 29 58 30 48 11 17 32 5 37 55 27 6 61 14 1 4 
Success ---> Execution Time: 20.2908 seconds

Total Execution Time: 459.443 seconds

