Process For Instance = 0
3 19 10 21 6 7 18 6 3 20 20 1 10 18 15 17 8 13 4 11 
Success ---> Execution Time: 0.0276228 seconds

Process For Instance = 1
1 11 21 1 4 15 4 1 7 18 5 21 14 18 16 16 2 9 15 3 
Success ---> Execution Time: 0.0150982 seconds

Process For Instance = 2
1 10 20 1 13 15 4 1 12 5 9 21 21 9 2 14 12 9 3 16 
Success ---> Execution Time: 0.0156562 seconds

Process For Instance = 3
1 13 21 21 4 8 4 6 3 18 2 1 10 5 18 20 20 14 2 18 
Success ---> Execution Time: 0.0158246 seconds

Process For Instance = 4
1 14 4 21 21 8 4 5 20 5 11 1 18 19 8 2 10 14 13 1 
Success ---> Execution Time: 0.0129424 seconds

Process For Instance = 5
1 21 12 21 20 7 18 15 16 9 6 1 21 21 4 8 8 13 10 2 
Success ---> Execution Time: 0.0222476 seconds

Process For Instance = 6
1 9 19 21 3 8 4 17 20 13 4 1 11 10 17 16 3 14 12 1 
Success ---> Execution Time: 0.0139452 seconds

Process For Instance = 7
1 12 3 1 4 15 5 16 4 15 5 9 4 15 14 2 19 21 20 2 
Success ---> Execution Time: 0.0160605 seconds

Process For Instance = 8
2 14 6 1 10 14 18 4 9 20 1 21 19 11 21 17 15 8 18 4 
Success ---> Execution Time: 0.0131496 seconds

Process For Instance = 9
1 18 6 21 14 7 17 7 14 2 8 13 11 18 5 9 20 1 15 9 
Success ---> Execution Time: 0.0146596 seconds

Process For Instance = 10
2 8 16 21 4 7 17 20 16 6 1 13 8 17 16 14 21 1 13 8 
Success ---> Execution Time: 0.0147593 seconds

Process For Instance = 11
1 14 21 21 20 7 16 21 13 6 7 13 11 18 3 8 3 1 14 5 
Success ---> Execution Time: 0.0202462 seconds

Process For Instance = 12
1 8 15 1 9 14 18 15 2 8 21 21 10 9 19 15 13 8 13 2 
Success ---> Execution Time: 0.0151392 seconds

Process For Instance = 13
3 13 5 21 9 7 16 12 1 20 2 13 16 17 19 14 11 1 12 4 
Success ---> Execution Time: 0.0165259 seconds

Process For Instance = 14
1 8 16 1 1 14 18 16 20 5 3 21 7 21 20 12 21 8 19 2 
Success ---> Execution Time: 0.0169382 seconds

Process For Instance = 15
1 13 21 1 18 15 6 5 10 2 9 9 16 21 7 5 12 21 11 2 
Success ---> Execution Time: 0.0143612 seconds

Process For Instance = 16
1 15 8 1 8 14 18 8 20 13 18 21 18 8 18 2 16 8 1 17 
Success ---> Execution Time: 0.0121629 seconds

Process For Instance = 17
3 15 5 21 1 7 18 8 18 11 1 13 17 13 16 3 9 1 20 4 
Success ---> Execution Time: 0.0115419 seconds

Process For Instance = 18
2 9 18 21 18 8 4 3 21 9 18 1 16 18 8 9 20 14 3 9 
Success ---> Execution Time: 0.0190104 seconds

Process For Instance = 19
1 13 6 21 14 7 18 20 3 13 2 1 15 5 5 14 1 13 2 16 
Success ---> Execution Time: 0.012175 seconds

Total Execution Time: 0.320786 seconds

