Process For Instance = 0
1 29 15 33 21 17 29 31 1 9 8 1 18 17 5 6 15 24 23 2 11 15 24 19 11 7 11 19 28 6 1 8 21 33 16 1 25 32 2 23 32 31 26 26 1 11 17 27 22 33 12 26 9 13 33 33 10 28 4 25 
Success ---> Execution Time: 0.29289 seconds

Process For Instance = 1
2 33 22 20 32 33 4 7 20 9 2 1 32 31 8 26 9 11 4 24 2 31 13 15 1 19 27 18 26 6 6 21 24 9 29 1 2 32 13 13 30 18 1 10 30 17 33 33 16 17 13 13 24 33 31 9 30 11 23 25 
Success ---> Execution Time: 0.284709 seconds

Process For Instance = 2
2 9 32 13 2 27 7 12 22 9 21 33 1 1 32 33 27 2 7 12 15 28 23 6 18 22 20 19 15 3 10 6 23 9 3 1 25 32 31 24 15 19 2 32 13 23 33 3 1 17 19 24 33 1 7 11 33 30 21 25 
Success ---> Execution Time: 0.278415 seconds

Process For Instance = 3
2 8 17 3 7 27 17 25 14 25 32 21 16 14 31 1 18 33 33 27 19 15 3 15 21 31 12 10 4 32 25 25 11 25 3 33 18 32 12 12 6 9 32 1 26 13 17 32 8 1 27 2 33 33 1 24 9 9 3 9 
Success ---> Execution Time: 0.230099 seconds

Process For Instance = 4
2 12 32 10 3 32 22 2 31 9 3 26 32 1 22 15 15 3 4 11 28 28 23 10 17 23 17 1 25 7 3 1 26 23 10 1 7 18 18 31 23 24 7 30 1 11 17 32 12 33 25 19 10 33 15 19 33 31 1 25 
Success ---> Execution Time: 0.252415 seconds

Process For Instance = 5
1 23 4 2 6 25 14 4 32 25 29 10 25 17 26 33 5 32 6 33 20 4 16 23 11 31 19 19 19 28 1 32 3 5 11 33 25 2 1 25 21 10 31 2 33 33 1 11 12 17 11 16 33 13 9 22 24 21 9 9 
Success ---> Execution Time: 0.329314 seconds

Process For Instance = 6
3 26 12 33 22 9 5 19 1 9 33 1 33 2 3 33 9 17 5 29 30 3 21 18 9 14 26 16 17 4 5 33 27 25 7 1 1 30 19 13 24 19 11 24 31 1 17 8 11 33 18 14 25 10 30 24 20 14 33 25 
Success ---> Execution Time: 0.238184 seconds

Process For Instance = 7
2 27 14 18 13 33 6 23 30 9 32 27 2 33 32 19 29 1 4 11 5 7 33 23 17 21 11 27 19 22 26 8 17 10 16 1 33 2 14 15 22 12 1 6 3 32 33 1 17 17 11 18 33 2 27 25 18 29 12 25 
Success ---> Execution Time: 0.314867 seconds

Process For Instance = 8
1 8 29 10 6 24 15 27 32 25 14 18 33 27 15 25 2 3 31 13 31 6 13 26 33 33 31 33 23 20 20 25 33 8 20 33 1 2 32 11 13 7 27 4 3 6 1 14 28 17 23 1 13 18 32 20 5 1 33 9 
Success ---> Execution Time: 0.290271 seconds

Process For Instance = 9
1 9 22 11 21 25 30 21 3 9 7 33 33 20 10 1 2 19 8 13 4 33 31 33 26 30 4 25 27 4 24 24 23 10 17 1 31 32 3 20 10 8 15 7 14 16 17 16 16 33 18 13 2 19 28 24 7 33 1 25 
Success ---> Execution Time: 0.463148 seconds

Process For Instance = 10
1 23 3 4 1 17 1 14 30 9 21 33 25 18 23 26 31 11 4 25 30 28 28 17 33 32 23 18 5 16 1 23 20 1 1 1 9 20 16 30 2 16 11 5 11 18 17 33 11 33 32 8 33 33 14 4 30 10 19 25 
Success ---> Execution Time: 0.530238 seconds

Process For Instance = 11
1 22 33 32 21 7 28 14 3 25 24 1 23 5 3 17 29 13 33 22 10 13 11 29 16 17 22 1 16 4 13 14 22 33 28 33 26 16 20 4 1 1 19 33 25 3 17 9 6 1 14 6 31 10 28 31 9 12 3 9 
Success ---> Execution Time: 0.30503 seconds

Process For Instance = 12
7 14 32 30 29 7 33 9 3 25 25 22 25 33 7 33 22 1 30 1 19 32 19 11 24 4 13 3 4 8 8 33 9 17 22 33 24 16 1 9 6 18 8 15 3 33 17 26 5 1 27 1 33 9 25 15 24 17 2 9 
Success ---> Execution Time: 0.316402 seconds

Process For Instance = 13
3 15 1 26 1 3 22 3 33 25 33 18 8 1 19 33 17 33 30 23 13 3 10 2 15 11 9 25 1 20 23 24 21 2 23 33 19 2 30 15 7 1 32 29 29 12 1 13 14 17 31 30 16 10 6 24 4 5 11 9 
Success ---> Execution Time: 0.286063 seconds

Process For Instance = 14
1 10 3 25 24 11 4 11 3 9 33 1 24 33 3 26 1 32 14 6 33 25 21 7 15 9 17 18 17 28 33 9 15 8 30 1 1 20 17 3 26 10 31 1 33 30 17 33 15 33 19 16 2 33 28 1 12 21 18 25 
Success ---> Execution Time: 0.314075 seconds

Process For Instance = 15
2 10 18 12 15 27 15 32 22 9 8 20 1 29 26 9 24 33 3 21 3 15 33 2 14 18 2 1 8 1 32 16 20 17 8 1 24 2 7 29 2 16 27 9 6 27 17 27 27 33 25 9 25 33 13 2 8 8 20 25 
Success ---> Execution Time: 0.302909 seconds

Process For Instance = 16
1 18 32 11 27 26 17 31 14 25 20 20 14 7 2 33 30 4 26 33 15 12 23 33 14 18 32 1 2 9 29 22 27 25 26 33 17 4 31 3 2 1 19 27 4 27 17 10 4 1 27 6 22 7 22 28 33 2 7 9 
Success ---> Execution Time: 0.297797 seconds

Process For Instance = 17
2 31 11 17 12 26 4 22 3 25 12 1 16 23 26 9 3 33 25 3 2 20 2 5 16 33 10 1 10 22 25 11 22 24 17 33 17 32 3 21 23 1 6 10 28 19 17 30 2 1 19 32 8 32 10 32 23 30 14 9 
Success ---> Execution Time: 0.310149 seconds

Process For Instance = 18
4 15 30 8 33 17 29 6 2 25 32 32 24 2 22 26 31 1 11 18 9 25 20 27 33 29 23 1 10 2 33 22 12 10 13 33 17 32 2 29 8 7 32 13 7 28 1 19 9 17 33 1 16 33 13 2 12 6 18 9 
Success ---> Execution Time: 0.325931 seconds

Process For Instance = 19
1 25 18 20 14 33 7 32 13 25 1 4 1 20 29 1 27 27 23 3 2 10 32 25 14 26 13 31 12 9 18 20 16 17 1 33 25 4 32 17 3 33 26 8 3 20 1 11 19 17 12 27 10 9 27 33 14 32 1 9 
Success ---> Execution Time: 0.311319 seconds

Total Execution Time: 6.27557 seconds

