Process For Instance = 0
5 1 2 3 12 1 13 9 13 13 3 10 1 9 13 8 13 6 1 12 
Success ---> Execution Time: 0.0376115 seconds

Process For Instance = 1
5 1 1 7 13 2 8 9 13 13 4 10 1 4 13 8 13 6 1 13 
Success ---> Execution Time: 0.0503847 seconds

Process For Instance = 2
5 1 1 7 13 3 10 9 13 13 13 13 1 8 12 8 3 10 1 4 
Success ---> Execution Time: 0.018355 seconds

Process For Instance = 3
5 1 2 7 13 3 11 9 13 13 3 10 1 5 13 8 13 6 1 12 
Success ---> Execution Time: 0.0133144 seconds

Process For Instance = 4
5 1 2 7 13 1 12 12 8 13 3 10 1 6 13 8 13 6 1 13 
Success ---> Execution Time: 0.0631307 seconds

Process For Instance = 5
5 1 1 8 13 2 11 8 13 13 12 10 1 4 11 8 13 5 1 3 
Success ---> Execution Time: 0.0170111 seconds

Process For Instance = 6
5 1 9 9 12 1 13 8 13 13 3 10 1 1 13 8 13 5 1 13 
Success ---> Execution Time: 0.0502782 seconds

Process For Instance = 7
5 1 2 10 13 13 11 1 6 13 12 10 1 7 13 8 13 6 1 2 
Success ---> Execution Time: 0.015809 seconds

Process For Instance = 8
5 1 2 2 13 13 11 2 6 13 12 10 1 9 13 8 13 6 1 3 
Success ---> Execution Time: 0.0952945 seconds

Process For Instance = 9
5 1 1 9 13 13 6 7 2 13 3 10 1 8 12 8 13 5 1 13 
Success ---> Execution Time: 0.0172615 seconds

Process For Instance = 10
5 1 1 13 12 2 8 9 13 13 13 13 1 12 13 8 3 11 1 3 
Success ---> Execution Time: 0.0372636 seconds

Process For Instance = 11
5 1 1 10 13 12 2 6 2 13 12 10 1 9 12 8 13 5 1 3 
Success ---> Execution Time: 0.015597 seconds

Process For Instance = 12
5 1 5 4 13 1 11 12 8 13 4 13 1 13 13 9 3 10 1 13 
Success ---> Execution Time: 0.014669 seconds

Process For Instance = 13
5 1 2 5 13 1 4 9 13 13 13 10 1 9 13 8 13 6 1 3 
Success ---> Execution Time: 0.0573119 seconds

Process For Instance = 14
5 1 9 10 13 2 10 9 13 13 13 10 1 3 12 8 13 5 1 2 
Success ---> Execution Time: 0.0135552 seconds

Process For Instance = 15
5 1 1 11 12 13 4 6 1 13 11 11 1 12 13 8 3 10 1 2 
Success ---> Execution Time: 0.0327451 seconds

Process For Instance = 16
5 1 5 3 13 1 4 7 11 13 13 12 1 11 13 8 3 12 1 3 
Success ---> Execution Time: 0.0151384 seconds

Process For Instance = 17
5 1 1 2 13 13 3 6 1 13 13 12 1 9 13 9 3 10 1 3 
Success ---> Execution Time: 0.0535093 seconds

Process For Instance = 18
5 1 8 13 13 1 1 8 13 13 3 13 1 11 12 9 3 12 2 12 
Success ---> Execution Time: 0.0135871 seconds

Process For Instance = 19
5 1 1 1 13 2 3 8 13 13 13 12 1 12 13 9 6 13 2 3 
Success ---> Execution Time: 0.0276765 seconds

Total Execution Time: 0.660265 seconds

