Process For Instance = 0
1 21 9 24 41 7 21 23 14 24 15 32 1 7 12 38 14 1 9 40 18 41 26 23 33 13 41 28 7 16 17 5 40 12 33 16 22 38 16 24 27 8 18 27 41 39 32 1 34 41 12 28 38 1 6 25 40 24 2 7 32 32 6 34 13 1 40 7 5 1 28 2 27 15 24 25 41 19 19 32 
Success ---> Execution Time: 4.19325 seconds

Process For Instance = 1
1 24 31 8 1 17 27 30 13 33 11 23 12 32 21 12 15 1 9 39 27 2 41 30 14 8 41 41 40 8 24 23 17 2 2 4 28 40 8 7 32 41 14 20 3 6 13 32 41 41 12 36 4 19 26 27 4 22 35 21 41 37 32 16 17 27 40 16 20 10 29 23 34 32 33 34 1 23 3 32 
Success ---> Execution Time: 4.67525 seconds

Process For Instance = 2
1 28 3 25 41 10 14 20 39 1 11 17 30 8 21 27 32 41 37 1 15 18 33 5 40 2 32 41 1 16 19 15 41 2 16 32 35 25 29 11 3 1 8 30 11 36 41 17 36 23 37 6 38 10 39 27 32 29 39 14 1 21 24 41 22 7 41 26 3 32 18 21 24 1 9 6 41 33 18 12 
Success ---> Execution Time: 4.38587 seconds

Process For Instance = 3
2 8 24 14 41 1 36 30 8 15 28 41 24 27 12 5 2 21 29 41 18 21 33 41 21 41 7 34 33 16 1 35 1 20 29 41 41 25 1 2 18 31 4 6 11 6 32 13 1 23 17 36 15 28 22 35 17 11 27 2 32 13 39 41 12 9 19 7 9 1 37 2 38 31 24 20 9 41 37 41 
Success ---> Execution Time: 3.97683 seconds

Process For Instance = 4
1 15 4 9 1 41 12 31 17 1 18 17 11 32 21 25 6 2 26 40 27 25 21 8 1 7 35 16 33 28 30 38 23 41 39 41 10 8 22 39 27 3 35 17 12 2 32 33 38 9 25 37 23 1 10 12 19 10 3 24 41 32 8 39 23 18 23 16 5 10 18 33 26 26 33 28 18 9 3 41 
Success ---> Execution Time: 6.60257 seconds

Process For Instance = 5
3 17 26 40 41 17 36 41 5 41 41 32 31 27 21 37 33 10 29 38 15 32 9 11 4 39 23 23 22 41 41 23 12 9 14 24 29 17 39 22 14 23 1 15 35 9 1 3 1 33 40 5 17 17 13 20 25 24 41 9 1 2 35 1 3 15 21 26 13 32 38 19 27 1 9 36 9 31 8 1 
Success ---> Execution Time: 4.07617 seconds

Process For Instance = 6
3 19 26 1 41 26 15 36 21 1 38 41 41 3 12 10 2 20 1 15 18 22 1 33 23 19 32 35 33 33 1 11 38 24 39 40 41 41 20 17 36 34 4 28 16 25 21 18 4 30 37 28 14 3 35 32 40 29 10 13 32 31 14 9 27 7 9 7 12 1 5 39 22 10 24 7 22 2 39 8 
Success ---> Execution Time: 3.87087 seconds

Process For Instance = 7
1 12 3 32 41 16 6 11 21 12 13 10 41 17 21 1 29 1 10 25 15 29 31 2 36 5 25 10 9 17 30 36 30 34 41 2 41 37 6 26 13 13 19 41 22 19 32 23 22 41 33 6 19 17 37 6 27 2 35 24 1 27 2 39 17 18 24 26 38 32 40 10 5 41 9 28 22 41 1 1 
Success ---> Execution Time: 3.53804 seconds

Process For Instance = 8
2 38 13 18 1 32 13 1 41 18 29 10 19 1 21 41 31 38 5 40 27 13 22 19 28 25 26 25 10 6 28 39 13 10 6 32 33 2 27 9 11 11 41 33 41 34 41 3 20 1 24 6 35 1 36 4 2 23 34 9 41 19 31 30 19 24 39 16 37 10 1 1 14 1 33 16 4 32 14 41 
Success ---> Execution Time: 4.0177 seconds

Process For Instance = 9
1 10 3 41 41 27 15 41 9 1 30 33 15 14 21 4 7 21 12 2 15 38 33 2 40 6 1 30 21 17 41 19 24 19 16 27 36 19 1 5 41 22 13 34 24 11 9 13 1 18 35 5 34 11 30 21 30 28 6 41 1 26 40 41 36 35 40 26 8 32 26 11 18 10 9 28 30 41 23 1 
Success ---> Execution Time: 4.12525 seconds

Process For Instance = 10
3 9 27 34 41 12 8 3 27 35 33 18 11 37 21 18 14 41 24 4 15 41 3 40 10 14 27 7 33 20 1 6 3 33 37 27 41 6 24 14 32 31 26 26 15 24 1 27 8 10 35 36 19 1 37 19 38 30 32 18 1 12 16 41 15 41 5 26 1 32 20 34 22 2 9 41 24 41 18 41 
Success ---> Execution Time: 3.92351 seconds

Process For Instance = 11
1 7 41 1 1 14 38 5 3 24 27 41 1 16 21 23 4 8 23 1 27 41 13 17 34 22 20 12 14 20 10 39 39 41 39 32 1 34 8 21 26 32 34 39 25 26 3 34 8 41 20 37 24 30 39 21 10 12 4 11 41 16 24 32 26 17 1 16 1 10 12 4 14 29 33 2 20 4 9 41 
Success ---> Execution Time: 4.11847 seconds

Process For Instance = 12
4 30 41 15 1 1 12 21 26 14 8 31 41 31 30 41 28 7 15 41 24 16 24 22 15 18 22 33 35 2 1 41 25 20 1 40 10 38 35 5 7 34 41 7 33 17 31 1 41 22 20 15 27 1 34 1 29 26 23 1 10 27 6 16 35 8 37 35 29 41 11 7 18 41 18 26 20 12 1 11 
Success ---> Execution Time: 3.86765 seconds

Process For Instance = 13
3 32 1 20 1 35 26 5 26 33 41 29 1 9 30 40 24 12 16 2 24 16 40 21 34 17 41 7 15 10 21 17 2 18 10 41 1 6 34 27 4 8 23 27 28 31 13 32 23 1 15 14 28 26 7 30 2 25 10 21 10 11 38 21 36 27 2 35 2 41 24 15 34 3 18 6 33 23 40 41 
Success ---> Execution Time: 3.97765 seconds

Process For Instance = 14
2 38 9 24 1 11 37 27 15 26 34 41 38 41 30 10 15 17 1 28 24 41 26 8 15 24 32 1 2 33 22 1 8 25 1 18 32 38 7 6 27 1 6 10 41 41 41 40 10 9 24 6 15 17 29 27 25 8 13 1 10 41 38 18 1 32 35 35 19 41 38 2 16 3 18 30 8 31 19 29 
Success ---> Execution Time: 3.60403 seconds

Process For Instance = 15
2 26 41 38 41 25 41 36 39 19 35 10 41 15 21 14 27 31 17 4 15 4 32 6 38 4 19 1 1 17 25 3 5 23 15 11 41 2 17 14 38 1 29 29 1 39 41 39 26 1 17 6 17 7 32 41 14 24 21 33 1 30 38 9 3 25 37 26 16 32 29 23 18 1 9 21 34 30 8 10 
Success ---> Execution Time: 3.74127 seconds

Process For Instance = 16
1 9 41 24 41 7 29 14 28 20 3 32 1 28 12 33 4 1 32 41 18 10 25 12 19 39 41 7 12 1 17 23 27 25 20 2 41 1 30 27 11 8 2 9 6 36 41 19 41 11 29 36 27 1 7 21 11 5 37 32 32 17 34 17 7 26 3 7 28 1 41 34 15 15 24 17 31 41 19 41 
Success ---> Execution Time: 3.73375 seconds

Process For Instance = 17
2 12 38 8 41 17 12 38 11 23 23 41 34 1 21 9 32 1 19 30 15 16 21 17 41 15 23 41 41 6 24 5 2 1 4 32 17 37 11 19 41 41 10 36 1 28 41 20 40 15 22 6 17 35 35 33 27 13 3 7 1 26 19 29 37 1 26 26 6 32 27 11 6 32 9 13 11 34 10 2 
Success ---> Execution Time: 3.75783 seconds

Process For Instance = 18
2 36 8 31 41 18 7 41 23 35 29 2 19 39 21 24 26 24 25 6 15 4 41 10 18 7 12 8 33 26 28 10 3 41 1 27 34 11 28 10 37 11 27 30 31 23 9 17 11 18 23 6 35 17 2 20 34 32 41 1 1 4 1 17 30 41 22 26 38 32 36 1 39 40 9 12 41 35 2 1 
Success ---> Execution Time: 3.75095 seconds

Process For Instance = 19
1 16 31 34 41 2 13 5 25 33 1 8 1 41 21 29 26 41 34 28 15 12 41 33 10 31 27 41 8 24 22 41 2 1 39 19 8 11 27 26 3 41 26 23 19 40 10 18 29 41 34 36 11 19 3 40 38 19 18 1 1 35 14 8 2 27 7 26 22 32 10 1 13 18 9 1 14 9 1 32 
Success ---> Execution Time: 3.7503 seconds

Total Execution Time: 81.689 seconds

