Process For Instance = 0
17 52 16 54 27 30 21 17 36 36 40 44 19 12 47 12 15 23 24 59 48 61 61 51 32 6 32 33 1 6 24 7 1 12 53 44 40 58 33 30 16 55 4 37 62 1 29 10 32 33 28 63 42 42 47 45 10 40 48 20 11 5 4 42 57 2 63 45 21 51 1 23 47 39 49 63 1 56 24 7 6 26 11 31 39 12 42 61 63 36 
Success ---> Execution Time: 67.1969 seconds

Process For Instance = 1
30 4 3 54 60 51 9 38 13 37 7 53 45 7 47 35 38 23 24 27 2 57 58 16 1 26 18 51 27 14 62 62 63 30 1 9 52 18 48 63 41 63 54 44 30 21 1 37 6 16 59 44 20 42 15 36 31 17 12 42 11 59 49 7 56 63 1 45 54 35 63 1 12 47 49 1 29 55 27 9 18 35 40 2 13 9 20 37 63 24 
Success ---> Execution Time: 55.6855 seconds

Process For Instance = 2
8 52 63 16 16 52 22 18 35 1 63 14 19 25 9 2 57 16 14 57 56 1 47 31 63 48 24 24 23 38 41 2 22 43 11 38 26 50 49 20 6 6 27 45 9 8 30 1 59 38 8 32 33 56 38 14 39 17 6 54 34 26 26 40 57 3 63 45 52 2 33 13 35 58 50 63 63 56 38 3 28 27 63 45 43 37 43 47 1 56 
Success ---> Execution Time: 46.5683 seconds

Process For Instance = 3
56 62 16 33 31 12 48 53 43 15 34 10 63 45 46 62 31 49 50 7 3 15 23 33 1 63 48 44 21 44 34 16 42 39 63 26 11 47 15 10 37 59 1 19 52 22 62 63 33 25 28 37 11 9 6 55 24 14 58 49 28 38 50 24 7 36 1 59 53 33 21 29 29 15 3 1 25 8 41 19 62 1 24 1 57 41 1 14 54 25 
Success ---> Execution Time: 59.5577 seconds

Process For Instance = 4
30 1 1 23 34 51 29 63 54 7 25 52 51 20 13 36 33 22 24 11 11 2 17 16 1 35 41 57 5 11 31 1 63 58 14 9 63 18 48 53 41 40 63 44 16 16 37 37 5 51 59 63 25 8 49 51 40 25 7 29 9 59 46 7 56 1 1 32 42 36 13 20 12 48 47 1 28 55 59 22 17 44 39 61 30 44 1 35 63 20 
Success ---> Execution Time: 85.0451 seconds

Process For Instance = 5
24 48 32 1 29 12 7 22 44 16 1 5 10 38 10 45 56 38 18 36 58 63 12 48 63 50 48 35 39 31 3 62 32 36 22 41 3 30 52 32 27 58 31 56 63 56 48 63 39 41 54 50 24 25 56 18 21 35 40 27 17 28 26 21 7 45 1 9 1 12 58 27 17 2 13 1 62 8 2 43 62 17 13 49 46 19 10 34 63 41 
Success ---> Execution Time: 48.3774 seconds

Process For Instance = 6
34 31 39 30 17 13 21 17 52 9 29 21 28 29 23 29 33 41 40 34 50 54 40 48 61 6 3 11 36 44 47 43 1 11 23 55 56 44 16 14 32 11 16 20 1 1 35 27 13 55 9 2 23 46 37 5 3 1 7 52 63 5 18 57 8 20 63 9 63 45 22 59 52 16 62 2 51 9 49 57 28 16 61 2 51 61 42 41 63 25 
Success ---> Execution Time: 44.5579 seconds

Process For Instance = 7
17 39 30 1 7 52 7 50 14 56 10 16 11 35 10 12 57 24 23 5 43 18 47 31 63 20 56 21 25 1 59 32 1 34 41 38 36 52 49 10 14 63 15 45 51 25 60 10 19 63 47 63 31 47 16 45 27 20 36 39 44 5 29 40 57 5 63 63 1 31 42 45 35 57 41 63 25 56 3 33 7 56 1 52 2 56 50 34 39 29 
Success ---> Execution Time: 71.257 seconds

Process For Instance = 8
56 27 54 35 47 22 20 24 16 33 53 47 7 8 42 62 47 49 50 29 1 1 21 1 41 63 11 7 1 63 43 46 42 58 63 8 62 36 19 28 58 18 63 15 14 8 31 63 20 13 54 15 35 47 21 51 46 11 6 10 5 38 32 10 27 14 33 60 41 35 1 2 5 12 40 43 53 26 56 35 62 1 56 27 13 23 1 40 26 11 
Success ---> Execution Time: 78.9386 seconds

Process For Instance = 9
9 34 53 17 51 37 48 4 28 59 51 58 8 8 34 15 7 22 25 63 37 11 35 48 1 63 23 20 9 63 46 14 1 33 33 55 46 20 34 54 6 17 25 30 13 58 21 16 59 25 42 1 63 1 39 55 30 58 63 29 52 5 46 57 42 15 63 37 23 20 51 45 52 61 41 63 45 41 27 61 47 8 3 37 15 1 14 56 42 28 
Success ---> Execution Time: 36.2037 seconds

Process For Instance = 10
38 12 1 47 5 51 7 29 22 41 11 43 46 57 62 33 18 44 45 5 29 42 52 16 1 38 17 43 5 51 3 50 63 34 63 9 63 33 20 2 36 35 28 24 61 63 17 31 56 19 37 48 52 55 18 23 2 61 43 63 22 59 26 7 56 14 1 41 11 51 63 59 12 21 1 1 24 55 9 55 32 12 35 13 14 25 33 54 29 60 
Success ---> Execution Time: 48.7462 seconds

Process For Instance = 11
55 27 35 48 46 43 30 34 26 10 10 44 63 55 55 15 10 23 49 51 9 63 42 13 1 1 63 4 17 1 38 2 63 39 18 20 37 29 40 49 33 25 47 36 53 56 22 29 3 23 38 40 16 9 33 12 51 63 23 53 37 59 54 52 7 23 1 42 1 60 24 19 48 34 46 13 63 8 33 57 28 16 63 7 55 1 28 46 63 52 
Success ---> Execution Time: 30.1411 seconds

Process For Instance = 12
56 43 53 1 47 31 33 27 38 33 42 47 21 7 35 62 46 49 50 21 5 2 29 10 1 63 54 51 23 63 21 8 1 21 26 17 11 63 28 12 58 8 54 24 61 58 50 63 49 45 53 63 12 9 18 29 37 9 37 37 17 5 55 19 36 46 42 47 54 62 1 63 14 41 14 42 41 35 21 35 5 16 2 56 10 14 1 31 26 38 
Success ---> Execution Time: 64.5191 seconds

Process For Instance = 13
39 37 54 15 32 52 24 63 40 7 26 59 51 53 22 34 55 45 46 1 15 1 42 11 2 1 11 49 1 53 6 54 1 58 1 18 29 39 7 46 38 36 63 25 57 8 32 32 5 37 34 14 27 47 42 13 59 63 27 11 47 5 20 20 57 1 63 21 23 29 24 33 15 52 17 63 63 56 10 29 52 29 17 23 13 19 37 43 63 44 
Success ---> Execution Time: 52.7561 seconds

Process For Instance = 14
56 34 15 24 7 31 30 26 52 44 63 47 29 32 32 62 31 49 50 44 10 19 40 10 1 6 56 55 31 6 3 16 1 11 38 17 16 63 28 63 58 14 48 24 63 1 57 63 54 55 58 1 24 46 19 41 3 49 56 22 3 5 20 19 36 41 42 32 52 10 22 7 14 31 37 2 13 35 11 46 62 39 13 56 43 39 24 50 63 50 
Success ---> Execution Time: 36.7233 seconds

Process For Instance = 15
47 63 61 39 40 22 8 12 23 9 27 23 51 19 52 52 56 40 41 49 60 1 44 1 63 29 19 17 61 49 38 34 63 33 25 8 14 6 19 14 49 33 44 15 30 55 63 54 33 20 17 62 11 47 55 57 24 10 5 45 3 59 19 10 27 1 33 6 1 36 57 62 5 17 41 1 34 26 30 7 53 13 2 14 13 8 46 41 1 20 
Success ---> Execution Time: 39.1193 seconds

Process For Instance = 16
56 41 25 14 35 21 8 53 48 13 11 1 51 55 51 61 7 49 50 20 31 1 45 42 1 42 44 59 48 63 5 60 1 21 30 35 2 42 24 50 58 39 62 28 19 36 44 63 14 33 26 21 53 56 46 51 22 23 16 17 12 5 54 33 16 11 10 6 1 62 1 32 38 24 28 10 63 17 35 14 43 63 28 29 30 35 41 4 1 16 
Success ---> Execution Time: 37.8758 seconds

Process For Instance = 17
47 27 63 1 12 12 15 63 9 23 21 9 29 3 13 52 48 39 41 42 23 42 12 33 1 29 1 39 59 30 8 28 63 25 17 26 63 9 15 8 58 1 2 19 47 35 5 54 38 38 17 63 19 55 34 20 53 34 39 25 18 59 23 24 7 35 1 58 53 52 47 16 29 6 50 1 43 8 59 1 34 20 62 46 22 41 29 48 47 57 
Success ---> Execution Time: 29.9963 seconds

Process For Instance = 18
39 1 53 1 11 52 58 29 44 54 53 35 56 33 8 33 30 45 46 36 62 2 52 11 63 17 11 35 1 63 45 60 1 48 16 18 31 42 7 38 24 43 54 25 62 9 38 32 20 41 46 63 30 25 42 13 10 44 21 14 21 5 1 20 57 1 63 22 1 51 1 2 15 58 17 63 25 56 10 56 28 63 20 57 33 22 47 37 33 24 
Success ---> Execution Time: 44.2817 seconds

Process For Instance = 19
39 26 53 18 58 52 48 44 30 1 34 38 57 11 36 33 56 45 46 63 31 17 1 11 63 63 12 2 59 52 55 21 1 38 30 18 47 26 7 6 25 23 61 25 47 58 26 32 7 27 3 42 8 1 36 33 38 9 15 11 17 5 45 20 57 63 63 4 21 52 36 52 15 23 8 63 51 56 22 13 31 43 17 1 13 19 63 50 9 63 
Success ---> Execution Time: 36.712 seconds

Total Execution Time: 1014.26 seconds

