Process For Instance = 0
1 28 10 9 11 22 4 18 2 18 19 1 2 8 25 27 17 28 1 23 2 26 1 9 15 2 16 12 25 20 22 28 1 2 19 1 18 11 10 10 2 11 18 28 25 13 27 20 4 10 
Success ---> Execution Time: 0.0617021 seconds

Process For Instance = 1
2 11 25 8 12 22 12 20 7 18 26 16 12 12 22 28 17 28 4 21 2 9 16 13 28 21 1 15 6 6 1 26 18 1 26 26 9 28 20 26 2 20 25 3 1 25 10 7 17 1 
Success ---> Execution Time: 0.0528003 seconds

Process For Instance = 2
1 26 15 9 15 22 6 28 25 1 26 28 14 20 27 28 10 1 23 13 6 1 1 6 28 13 16 11 24 8 5 17 9 20 18 18 1 10 9 26 26 21 25 1 23 2 9 3 13 28 
Success ---> Execution Time: 0.0630541 seconds

Process For Instance = 3
1 18 4 21 25 8 4 3 8 1 28 1 27 14 3 28 12 28 22 7 10 6 13 17 1 2 14 16 1 28 6 5 18 2 28 18 10 22 25 7 20 20 25 23 22 17 9 8 19 27 
Success ---> Execution Time: 0.0602814 seconds

Process For Instance = 4
2 21 10 9 5 22 6 5 26 1 15 1 24 27 26 28 18 16 16 1 20 7 1 4 13 5 28 3 11 28 5 28 5 12 11 28 20 14 8 8 1 14 22 18 18 1 19 18 28 9 
Success ---> Execution Time: 0.0530419 seconds

Process For Instance = 5
1 19 28 21 3 7 17 19 15 9 20 13 7 28 12 12 1 1 12 3 27 9 1 12 21 15 28 27 24 8 17 28 10 1 3 1 21 25 10 2 18 28 20 8 16 5 28 19 2 18 
Success ---> Execution Time: 0.0664868 seconds

Process For Instance = 6
2 20 9 20 27 7 23 5 27 11 3 1 18 23 17 18 13 28 26 16 9 23 27 21 6 1 13 10 24 1 1 22 12 1 7 28 27 1 9 19 3 10 17 11 17 2 3 25 13 19 
Success ---> Execution Time: 0.0585932 seconds

Process For Instance = 7
2 18 28 20 1 7 23 7 12 20 24 1 28 1 13 1 26 13 21 11 19 3 13 5 19 15 28 9 19 6 6 16 17 18 23 2 28 3 22 27 7 20 25 24 1 10 11 25 11 28 
Success ---> Execution Time: 0.0569799 seconds

Process For Instance = 8
2 16 9 21 27 7 18 21 16 1 6 13 17 25 18 1 14 28 21 7 8 26 21 27 13 15 1 9 3 28 28 7 14 22 23 9 15 27 28 3 23 8 1 1 1 25 28 28 17 18 
Success ---> Execution Time: 0.0635974 seconds

Process For Instance = 9
3 25 18 9 3 22 4 4 27 20 5 1 18 2 24 11 2 28 20 15 12 23 3 1 21 13 16 28 12 10 6 28 9 19 19 12 1 6 15 20 9 28 10 28 28 26 28 4 14 1 
Success ---> Execution Time: 0.0770751 seconds

Process For Instance = 10
1 21 8 21 20 7 17 16 28 10 2 13 28 28 1 28 7 28 4 15 8 9 28 11 22 15 1 4 14 1 18 23 9 20 20 28 11 2 5 26 14 5 27 5 16 26 1 14 27 19 
Success ---> Execution Time: 0.0596601 seconds

Process For Instance = 11
1 13 20 8 22 22 12 1 10 2 3 16 15 4 4 28 21 28 1 17 10 12 8 14 23 13 1 20 8 1 24 2 24 3 25 10 14 20 23 10 28 2 28 28 28 26 19 10 26 28 
Success ---> Execution Time: 0.0655552 seconds

Process For Instance = 12
1 14 28 21 28 7 17 9 9 2 11 13 2 5 5 18 15 1 3 16 12 2 9 3 23 13 28 27 28 2 13 25 16 10 28 19 3 25 15 9 8 28 19 28 18 18 10 1 27 28 
Success ---> Execution Time: 0.0627064 seconds

Process For Instance = 13
2 22 5 8 4 22 11 4 6 18 26 16 9 12 23 10 1 28 25 19 17 7 28 7 1 2 1 18 18 13 27 8 14 27 17 1 1 27 16 11 25 18 1 28 19 7 10 3 17 28 
Success ---> Execution Time: 0.0503142 seconds

Process For Instance = 14
1 16 28 9 8 22 4 17 19 28 9 1 28 1 17 10 17 28 20 8 27 21 3 14 25 10 16 18 8 11 5 10 21 28 1 20 1 10 21 4 27 18 1 17 20 21 11 3 28 1 
Success ---> Execution Time: 0.0607946 seconds

Process For Instance = 15
1 25 17 21 24 7 17 7 5 28 4 13 27 16 3 28 16 1 6 28 10 22 8 13 22 26 28 1 5 1 1 1 12 14 20 2 7 16 20 10 25 17 28 7 28 20 11 21 15 20 
Success ---> Execution Time: 0.0541352 seconds

Process For Instance = 16
1 20 13 20 25 7 25 26 8 2 2 28 8 10 10 11 28 13 13 1 4 27 28 7 17 3 1 1 17 6 24 14 16 28 20 28 19 23 8 8 3 1 19 25 1 2 19 21 15 10 
Success ---> Execution Time: 0.0536569 seconds

Process For Instance = 17
1 21 28 9 28 22 6 20 24 9 13 28 1 19 1 28 5 1 9 28 16 4 8 24 13 25 16 19 26 1 18 24 12 10 10 1 3 2 18 18 13 9 24 4 18 12 28 1 27 19 
Success ---> Execution Time: 0.0618676 seconds

Process For Instance = 18
1 13 27 8 9 22 12 8 27 20 18 16 20 28 19 20 27 1 8 20 25 25 18 27 13 10 28 28 12 1 2 17 22 1 15 3 8 9 27 12 1 28 15 2 8 24 28 10 7 12 
Success ---> Execution Time: 0.059916 seconds

Process For Instance = 19
1 21 9 9 26 22 4 25 16 9 4 1 18 28 12 17 3 28 9 15 5 11 28 13 22 15 16 27 28 1 5 21 15 1 28 19 9 25 28 25 12 25 17 8 17 15 1 7 20 28 
Success ---> Execution Time: 0.0499463 seconds

Total Execution Time: 1.19363 seconds

