Process For Instance = 0
15 24 73 1 77 29 53 21 59 61 55 49 40 21 55 10 75 67 36 4 27 61 67 61 82 19 63 64 25 82 79 81 52 77 82 82 73 32 67 35 13 3 58 43 6 68 7 8 10 32 71 69 50 41 29 72 82 39 44 13 71 79 52 38 1 46 74 16 13 41 46 50 34 40 46 29 1 25 29 19 6 48 15 58 76 62 49 4 82 15 21 32 64 53 54 22 47 36 66 58 19 38 36 22 8 42 1 1 1 26 29 64 34 60 69 20 10 74 55 58 
Success ---> Execution Time: 372.971 seconds

Process For Instance = 1

Fail ---> Execution Time: 420.111 seconds

Process For Instance = 2

Fail ---> Execution Time: 358.696 seconds

Process For Instance = 3
73 1 10 73 23 47 59 24 54 51 61 65 31 7 57 67 8 31 28 3 70 67 59 56 28 48 18 57 40 1 10 80 38 6 28 16 1 75 60 71 52 18 53 23 45 15 77 65 18 18 53 14 82 27 67 22 39 16 51 27 4 6 76 13 8 82 1 30 43 34 1 67 82 49 35 22 61 10 36 49 48 64 18 56 43 14 1 3 1 51 79 47 58 48 70 8 71 22 73 53 35 42 82 21 64 76 66 80 44 41 31 34 27 82 62 78 82 9 37 82 
Success ---> Execution Time: 140.264 seconds

Process For Instance = 4

Fail ---> Execution Time: 348.111 seconds

Process For Instance = 5
75 9 64 1 28 39 15 9 20 64 48 37 82 7 17 82 29 17 47 4 68 2 20 1 71 26 36 76 1 74 61 66 67 68 82 32 57 74 82 59 72 65 55 8 69 59 24 23 35 56 31 22 82 47 41 50 24 55 77 12 6 51 10 30 11 16 56 43 72 52 58 27 62 33 39 17 35 44 40 47 62 10 33 46 26 70 13 60 73 33 4 80 43 1 41 10 26 52 55 27 29 82 25 50 68 54 65 41 1 33 13 40 18 49 47 80 82 18 1 4 
Success ---> Execution Time: 153.245 seconds

Process For Instance = 6
70 68 73 1 10 33 24 59 29 81 82 64 35 48 26 62 25 15 39 15 59 17 1 82 19 35 65 59 55 1 37 37 52 77 32 1 65 82 15 5 78 30 4 44 77 68 33 63 57 65 76 41 31 56 64 9 23 35 48 40 22 2 71 75 28 6 22 53 56 82 21 74 28 39 49 7 73 7 11 50 33 19 45 48 65 26 16 44 82 43 58 8 49 13 49 1 28 61 72 79 40 63 12 79 76 23 72 82 53 42 54 49 16 42 54 9 10 23 1 65 
Success ---> Execution Time: 184.212 seconds

Process For Instance = 7

Fail ---> Execution Time: 351.957 seconds

Process For Instance = 8

Fail ---> Execution Time: 339.328 seconds

Process For Instance = 9

Fail ---> Execution Time: 334.467 seconds

Process For Instance = 10

Fail ---> Execution Time: 315.973 seconds

Process For Instance = 11

Fail ---> Execution Time: 373.508 seconds

Process For Instance = 12

Fail ---> Execution Time: 357.107 seconds

Process For Instance = 13

Fail ---> Execution Time: 369.33 seconds

Process For Instance = 14

Fail ---> Execution Time: 342.362 seconds

Process For Instance = 15

Fail ---> Execution Time: 365.605 seconds

Process For Instance = 16

Fail ---> Execution Time: 404.754 seconds

Process For Instance = 17

Fail ---> Execution Time: 308.414 seconds

Process For Instance = 18
65 82 10 73 65 57 53 32 58 73 22 27 61 36 55 71 32 27 51 79 77 81 82 17 24 64 12 40 68 1 2 3 33 6 60 24 54 34 82 1 39 39 65 1 71 15 62 8 14 32 41 22 59 41 16 34 70 6 53 18 72 47 63 68 74 8 42 67 82 46 67 51 13 61 71 31 46 78 16 76 11 48 10 61 20 53 11 29 1 46 59 44 45 23 1 82 17 36 9 53 77 25 77 40 49 53 5 57 37 26 67 19 47 49 22 80 82 56 28 69 
Success ---> Execution Time: 317.674 seconds

Process For Instance = 19

Fail ---> Execution Time: 375.189 seconds

Total Execution Time: 6533.28 seconds

