Process For Instance = 0
55 27 27 48 38 27 16 54 20 16 36 43 15 6 61 49 10 42 39 41 8 23 17 16 3 1 27 19 22 2 63 1 63 31 33 9 57 30 30 1 58 13 44 34 55 7 63 48 42 10 37 53 12 40 47 39 1 63 58 61 52 59 26 7 22 49 1 60 63 16 3 12 12 22 45 51 24 20 38 43 
Success ---> Execution Time: 26.6353 seconds

Process For Instance = 1
55 21 29 38 35 10 12 1 6 11 10 41 63 61 1 4 31 42 40 18 19 44 47 32 63 20 61 48 60 20 38 28 63 25 17 25 9 53 7 5 58 49 32 18 10 63 34 48 44 60 15 43 63 50 1 3 33 11 38 25 2 59 21 23 15 2 1 47 52 33 1 39 28 11 55 48 26 36 55 63 
Success ---> Execution Time: 20.3955 seconds

Process For Instance = 2
41 37 25 42 54 13 19 57 32 46 7 43 38 7 61 36 32 28 25 2 48 1 63 48 1 1 36 15 63 15 27 24 1 62 1 55 1 30 16 12 39 24 5 20 63 49 27 34 21 52 52 21 20 10 30 54 10 15 51 11 3 5 24 57 8 63 63 14 38 31 63 62 52 17 40 2 62 9 42 48 
Success ---> Execution Time: 19.9333 seconds

Process For Instance = 3
55 1 35 46 31 39 40 26 57 55 36 52 23 9 17 38 20 31 33 31 29 47 63 16 1 8 61 42 22 9 33 49 63 31 3 9 5 54 42 37 21 42 12 46 24 14 61 25 39 60 33 62 50 22 17 55 63 28 9 13 5 59 53 7 50 15 1 5 25 28 3 20 12 6 1 60 47 20 44 13 
Success ---> Execution Time: 23.4643 seconds

Process For Instance = 4
52 16 9 43 54 15 63 37 28 3 8 1 31 28 51 47 42 7 9 17 45 2 8 36 63 20 32 25 51 59 51 1 1 15 63 29 23 14 18 50 40 27 59 22 32 54 24 45 2 1 39 20 5 34 45 10 61 55 33 12 34 58 17 27 57 7 63 61 37 44 50 50 32 19 46 63 11 40 26 4 
Success ---> Execution Time: 12.9296 seconds

Process For Instance = 5
30 63 50 22 57 51 34 19 30 31 1 13 31 9 8 36 14 22 24 6 18 55 22 16 63 61 25 23 28 38 46 49 63 45 52 9 56 40 48 43 41 50 38 44 11 11 26 37 49 40 53 1 32 3 39 17 5 4 57 60 24 59 49 7 56 45 1 58 19 36 63 39 12 52 63 17 63 55 30 35 
Success ---> Execution Time: 12.8566 seconds

Process For Instance = 6
55 30 8 42 35 42 3 12 21 27 1 34 42 9 26 18 14 49 48 6 1 47 44 24 63 62 26 22 8 23 60 35 63 56 50 17 19 8 28 32 57 53 40 10 46 29 38 33 54 51 16 63 16 15 1 10 63 1 7 61 18 59 53 15 7 51 1 51 19 41 21 59 28 1 63 1 41 38 24 5 
Success ---> Execution Time: 19.3962 seconds

Process For Instance = 7
56 2 56 34 47 12 62 58 49 8 45 23 1 63 22 62 47 48 50 31 32 51 17 33 1 9 39 51 36 31 29 20 42 18 14 26 10 38 15 2 37 1 44 19 18 26 39 63 62 46 9 40 61 1 34 13 48 25 30 53 44 38 37 24 7 58 1 4 54 62 22 63 29 22 9 44 23 8 56 61 
Success ---> Execution Time: 19.5215 seconds

Process For Instance = 8
10 2 9 53 7 23 14 10 36 34 32 56 27 57 44 5 8 57 16 27 18 52 15 47 63 21 40 54 47 40 20 58 63 3 17 54 62 44 43 62 6 26 10 31 61 45 61 38 16 62 63 49 37 30 43 31 8 47 40 13 1 14 24 7 28 53 1 16 26 23 59 5 43 35 20 35 1 19 33 38 
Success ---> Execution Time: 13.7088 seconds

Process For Instance = 9
34 3 17 47 59 46 1 63 24 11 3 44 43 25 57 13 40 20 40 44 5 48 49 10 63 38 28 63 24 31 12 54 26 56 17 17 11 1 49 56 31 57 45 54 20 11 39 1 56 7 60 46 54 30 40 24 20 30 9 35 17 30 20 37 57 50 63 35 1 2 23 15 41 4 19 11 34 6 2 27 
Success ---> Execution Time: 18.7905 seconds

Process For Instance = 10
8 38 48 37 6 37 43 58 63 15 48 61 4 46 59 2 18 22 24 1 60 1 61 48 25 10 14 57 31 25 4 41 16 53 63 55 25 15 34 1 10 42 20 30 12 18 33 1 36 1 24 24 47 26 31 63 47 47 42 13 27 12 10 57 42 39 63 30 54 2 61 53 52 40 9 49 37 41 33 44 
Success ---> Execution Time: 13.9337 seconds

Process For Instance = 11
9 24 63 52 32 30 58 63 36 19 32 44 7 10 27 15 47 22 24 12 62 51 40 51 63 10 41 38 59 39 49 3 1 28 3 44 56 17 33 35 10 9 42 37 58 44 12 16 34 41 38 26 7 2 46 1 44 1 57 1 26 5 30 42 57 24 63 26 63 15 1 58 47 54 21 63 52 56 21 15 
Success ---> Execution Time: 12.8892 seconds

Process For Instance = 12
30 12 36 1 9 18 43 47 26 33 62 5 49 48 45 51 58 44 24 18 10 2 11 54 37 18 52 27 56 37 36 4 38 32 40 47 60 33 15 15 32 29 24 10 45 55 22 63 22 9 39 3 4 63 57 56 3 19 31 19 39 34 1 27 7 25 1 41 24 62 55 33 23 16 11 1 63 58 45 50 
Success ---> Execution Time: 13.027 seconds

Process For Instance = 13
13 10 58 30 28 25 13 17 22 2 28 14 62 15 18 60 55 7 19 60 28 34 48 48 27 43 1 21 61 9 61 48 1 63 9 55 22 54 28 31 43 48 1 32 36 4 44 39 15 7 32 49 45 51 57 52 7 38 21 2 24 53 4 16 8 41 63 38 40 37 1 10 20 36 56 50 63 44 14 1 
Success ---> Execution Time: 15.0328 seconds

Process For Instance = 14
49 62 1 59 26 33 35 53 30 2 22 50 3 53 11 44 37 57 55 63 33 1 2 11 30 42 12 15 1 29 31 2 63 17 59 18 49 38 7 45 37 9 44 25 6 8 63 42 62 27 57 9 50 50 40 51 11 54 15 17 27 6 63 20 28 19 1 47 20 33 14 38 15 22 43 46 32 37 22 1 
Success ---> Execution Time: 25.4299 seconds

Process For Instance = 15
55 1 5 60 8 27 19 15 52 55 47 51 52 46 27 50 47 42 40 41 45 40 1 16 39 38 29 14 1 6 23 63 63 1 40 9 59 6 30 11 53 59 32 34 38 33 56 48 39 13 35 31 56 46 20 48 31 16 54 10 43 59 29 7 22 17 1 21 63 17 63 2 12 19 25 46 2 23 62 57 
Success ---> Execution Time: 12.462 seconds

Process For Instance = 16
55 50 25 1 27 42 7 3 40 54 36 43 45 13 13 28 31 49 48 58 12 14 19 10 40 34 45 16 52 57 29 28 63 30 63 17 59 37 39 47 6 28 21 35 60 63 45 1 2 43 8 6 4 55 43 39 22 50 58 20 62 59 1 19 31 31 25 17 36 2 24 8 14 7 22 58 21 6 10 55 
Success ---> Execution Time: 13.854 seconds

Process For Instance = 17
55 63 41 23 47 42 36 10 32 20 38 63 35 37 8 39 42 32 49 63 61 17 14 17 63 60 22 19 47 2 45 3 63 45 12 35 16 53 21 50 58 55 14 10 26 53 63 26 63 50 57 28 1 1 56 31 27 27 22 34 39 59 54 52 7 7 1 15 1 12 43 48 21 47 26 29 63 46 4 35 
Success ---> Execution Time: 19.7624 seconds

Process For Instance = 18
56 21 57 14 60 34 62 54 45 44 9 57 63 32 48 62 29 42 40 17 56 15 22 13 35 25 49 56 39 1 45 63 48 49 38 20 23 32 31 63 53 48 8 27 2 31 40 63 43 34 4 51 30 5 11 30 13 53 12 19 14 52 44 22 7 46 1 1 3 45 25 35 17 30 23 14 23 9 1 16 
Success ---> Execution Time: 13.3093 seconds

Process For Instance = 19
26 24 24 54 28 13 19 13 8 1 37 7 8 38 62 31 56 20 19 29 14 52 15 48 1 40 18 34 30 2 45 51 1 33 63 55 56 27 44 31 28 57 57 40 7 45 63 33 17 12 55 22 39 1 55 10 40 23 7 48 63 5 46 57 8 1 63 60 11 14 62 1 52 61 25 2 47 9 37 2 
Success ---> Execution Time: 16.8891 seconds

Total Execution Time: 344.223 seconds

