Process For Instance = 0
5 45 1 20 1 1 41 26 45 33 11 7 14 50 25 32 17 36 22 43 31 24 19 38 4 34 27 50 50 50 23 7 30 19 12 25 1 1 43 7 50 50 30 25 34 38 41 5 33 50 14 6 35 11 17 45 50 13 9 8 10 26 4 27 21 1 43 19 1 50 11 44 4 50 37 2 38 43 14 1 29 31 50 23 14 45 2 17 41 22 17 9 37 5 10 43 36 36 43 44 12 31 18 39 43 3 10 23 22 18 
Success ---> Execution Time: 14.5315 seconds

Process For Instance = 1
4 10 17 14 50 49 44 50 40 50 21 41 20 1 16 34 22 32 8 19 34 35 50 25 43 19 5 1 8 24 11 1 24 47 12 33 16 2 42 6 11 50 41 10 29 39 42 41 4 5 49 45 36 7 32 15 13 39 1 14 1 28 21 42 38 20 42 10 45 41 3 9 14 23 28 2 40 17 48 30 47 13 47 25 9 27 30 8 41 27 25 17 27 46 1 22 32 35 19 1 7 1 36 34 23 27 36 50 34 50 
Success ---> Execution Time: 15.248 seconds

Process For Instance = 2
25 42 1 27 1 2 6 1 35 11 31 36 30 26 37 9 14 20 38 1 43 22 15 9 20 48 46 33 36 8 13 33 4 1 9 19 21 44 7 12 24 44 8 7 30 26 49 24 13 3 34 6 38 40 50 50 42 16 16 39 10 49 19 23 30 32 32 19 3 50 21 41 19 11 25 16 1 50 13 21 8 37 46 16 15 43 6 17 39 1 27 45 44 44 49 31 9 21 37 50 19 34 28 36 1 40 17 39 10 1 
Success ---> Execution Time: 15.781 seconds

Process For Instance = 3
12 21 41 50 1 22 1 48 28 42 26 37 28 14 23 35 26 28 3 39 17 50 27 33 49 37 15 12 19 34 50 37 8 50 5 1 43 8 21 19 48 21 35 44 18 31 25 3 17 50 45 6 15 5 30 5 28 29 45 33 50 29 17 50 10 10 50 41 39 10 49 8 38 6 35 2 12 44 31 2 45 40 1 4 31 11 29 43 9 39 16 9 23 47 1 29 33 20 48 37 31 43 42 13 21 1 32 18 10 19 
Success ---> Execution Time: 13.8879 seconds

Process For Instance = 4
3 17 1 1 50 44 4 4 47 33 8 27 50 37 16 17 29 37 1 14 22 17 41 43 5 1 50 31 37 22 34 7 49 8 32 1 38 11 32 50 41 6 25 19 14 18 41 43 25 10 26 18 42 24 42 2 49 29 31 50 1 48 36 33 22 19 45 10 37 41 25 27 32 17 28 31 20 1 28 12 1 3 15 10 23 35 49 8 1 8 24 47 50 3 50 34 45 49 27 26 38 24 28 9 43 11 9 12 34 26 
Success ---> Execution Time: 12.9656 seconds

Process For Instance = 5
2 8 24 27 50 41 30 39 5 39 41 35 14 33 26 10 18 48 17 2 8 1 50 47 20 18 20 25 1 31 31 28 50 35 50 15 19 30 40 29 45 40 41 49 11 21 48 3 12 31 34 45 3 1 9 21 2 11 9 1 41 50 13 42 38 7 39 32 29 1 16 36 19 10 14 49 7 44 23 49 36 3 44 25 16 49 30 34 50 30 23 10 50 37 1 20 18 42 40 23 22 15 36 16 25 5 2 32 49 29 
Success ---> Execution Time: 13.1069 seconds

Process For Instance = 6
3 25 33 39 50 1 15 19 15 32 47 18 1 37 28 1 36 46 46 13 22 39 9 12 3 11 8 36 50 40 18 1 50 11 49 1 50 42 31 10 10 8 3 50 45 42 49 19 8 40 49 26 47 19 42 18 33 33 44 23 1 40 24 1 1 16 2 10 25 41 5 26 2 30 16 33 44 43 30 30 13 49 14 39 5 14 27 8 22 22 10 4 49 4 18 34 13 8 28 38 35 50 46 50 38 22 23 30 22 32 
Success ---> Execution Time: 14.6917 seconds

Process For Instance = 7
2 8 41 50 50 30 39 38 2 26 47 42 14 50 14 29 6 24 47 20 20 31 21 28 38 2 6 50 42 28 37 32 21 8 48 1 19 19 25 29 41 7 45 30 33 3 50 1 23 18 46 45 22 36 14 5 29 7 18 41 41 46 21 50 1 33 18 32 12 1 24 9 1 15 26 47 25 15 24 50 32 15 49 15 23 41 40 34 35 11 9 21 38 7 1 8 31 3 45 1 50 1 9 14 4 10 21 43 33 36 
Success ---> Execution Time: 12.5047 seconds

Process For Instance = 8
2 50 27 39 1 3 42 37 3 49 45 23 33 21 25 13 17 32 16 6 43 38 10 3 15 4 47 43 39 34 42 38 43 22 43 32 30 29 18 31 47 1 14 35 39 31 10 33 17 1 13 6 49 50 44 1 6 25 31 18 10 3 28 18 18 24 28 20 29 50 14 49 6 11 37 12 10 50 47 24 3 24 40 24 17 46 50 17 34 22 40 50 7 14 1 31 36 39 21 16 22 16 37 44 33 13 29 1 3 49 
Success ---> Execution Time: 13.6227 seconds

Process For Instance = 9
3 9 41 1 1 19 40 49 9 35 30 25 41 50 25 7 37 47 33 42 31 45 15 12 22 31 13 21 47 34 50 2 20 45 46 18 37 48 49 16 19 16 1 7 6 28 9 30 13 50 44 6 33 14 37 23 25 28 8 1 10 25 33 23 29 41 13 19 5 50 22 29 20 35 37 40 29 1 21 10 1 50 3 18 50 44 38 17 47 7 26 18 12 12 50 43 32 1 25 23 46 29 14 1 33 39 9 41 12 1 
Success ---> Execution Time: 11.9831 seconds

Process For Instance = 10
37 17 24 2 1 44 14 13 24 1 1 20 1 8 37 21 22 50 25 1 43 34 1 48 28 24 9 42 7 42 11 9 44 32 46 9 1 11 40 38 31 29 27 44 37 48 19 11 26 28 28 39 49 13 1 11 36 19 2 37 10 50 47 9 44 43 2 19 18 50 50 16 43 29 25 12 46 27 50 35 16 5 32 1 49 8 20 17 10 40 50 29 4 14 50 31 45 35 24 23 3 36 3 32 41 16 23 36 25 36 
Success ---> Execution Time: 13.551 seconds

Process For Instance = 11
1 9 16 9 50 50 32 29 39 18 42 1 14 43 16 24 2 38 23 31 34 33 33 29 19 34 27 1 44 50 30 11 45 43 1 9 34 27 50 34 44 7 48 5 45 16 26 50 13 50 19 38 47 15 42 6 2 6 40 42 1 5 30 25 11 36 49 10 21 41 16 8 19 18 28 50 50 36 12 23 35 35 50 38 28 2 27 8 4 27 1 7 13 6 1 22 49 2 24 1 20 23 11 40 3 25 41 8 43 18 
Success ---> Execution Time: 14.9007 seconds

Process For Instance = 12
13 22 41 33 1 42 11 48 30 11 50 14 25 47 35 5 27 1 41 24 17 15 10 1 38 7 24 34 38 17 43 15 29 14 50 41 28 39 21 1 34 18 39 31 33 30 50 21 41 32 3 13 34 49 31 5 3 33 20 24 50 40 26 50 41 18 16 41 29 10 14 23 17 50 23 21 9 41 2 50 16 4 48 46 1 27 32 43 6 48 1 5 47 16 1 29 31 10 23 1 50 18 16 28 23 39 4 11 35 25 
Success ---> Execution Time: 14.3359 seconds

Process For Instance = 13
4 43 50 1 1 25 4 35 29 17 48 50 50 43 25 17 48 38 14 34 31 6 9 31 4 36 19 9 27 16 22 21 6 32 47 25 41 38 28 47 10 1 14 29 21 45 42 26 23 9 28 6 29 50 18 38 48 47 20 50 10 5 23 1 29 33 7 20 31 50 33 42 3 10 37 9 33 37 50 12 3 2 13 11 1 14 45 17 35 37 1 18 45 14 35 43 18 23 37 41 45 34 18 26 50 15 47 50 21 23 
Success ---> Execution Time: 12.2087 seconds

Process For Instance = 14
8 34 27 22 1 13 34 1 20 26 38 39 50 1 23 6 16 29 35 43 29 29 18 2 12 50 7 15 43 50 18 37 1 38 1 18 50 48 1 33 24 43 48 20 45 4 2 31 47 50 19 6 25 21 3 20 2 4 42 35 50 30 27 10 16 41 41 41 11 10 41 35 14 48 35 35 1 22 11 10 30 1 10 1 50 28 33 43 25 50 10 21 1 47 1 17 49 25 18 37 13 1 22 40 27 31 42 41 50 8 
Success ---> Execution Time: 14.6813 seconds

Process For Instance = 15
1 31 24 41 1 23 1 48 1 11 36 17 34 17 25 29 39 6 32 7 31 43 10 14 27 39 29 40 1 17 43 30 35 2 29 19 50 23 38 36 17 1 35 32 34 29 28 48 18 3 10 6 26 11 15 2 27 50 50 36 10 22 47 50 20 50 5 19 25 50 43 44 2 50 37 16 8 7 24 50 21 1 28 19 33 2 11 17 45 8 45 44 15 5 1 43 42 41 47 14 17 34 10 39 17 47 14 22 34 13 
Success ---> Execution Time: 13.4229 seconds

Process For Instance = 16
7 43 35 12 50 25 29 39 48 18 22 33 20 47 26 20 16 4 16 2 8 41 1 31 8 2 19 37 42 17 37 26 16 28 7 26 12 11 40 43 35 27 17 35 22 22 10 10 48 50 16 45 12 2 19 10 2 36 23 2 41 48 44 9 49 39 41 32 30 1 5 42 39 46 14 50 7 44 6 50 30 14 28 34 1 50 37 34 9 1 34 11 50 44 50 20 25 29 2 1 4 41 21 27 45 19 1 25 23 26 
Success ---> Execution Time: 13.5838 seconds

Process For Instance = 17
18 26 1 14 50 1 50 14 8 17 16 33 28 50 26 1 48 7 16 38 8 49 41 47 5 31 45 42 1 21 11 9 42 25 50 50 15 25 3 16 27 44 31 23 29 11 9 50 30 26 5 4 38 33 6 40 15 26 22 35 41 47 7 10 36 41 43 31 1 1 28 16 50 23 14 50 35 20 1 18 42 50 3 33 35 49 13 34 39 33 1 25 13 7 50 20 45 32 32 50 33 40 44 34 19 15 29 6 40 3 
Success ---> Execution Time: 14.2993 seconds

Process For Instance = 18
4 26 50 3 50 13 9 4 1 7 13 19 38 5 14 44 15 31 27 40 8 31 10 33 46 15 40 1 44 32 1 2 3 28 50 15 7 14 24 31 31 19 18 35 37 32 40 18 38 31 13 12 46 37 4 7 27 20 42 49 41 16 47 1 15 1 28 32 22 1 18 27 45 49 26 17 50 9 21 8 21 35 49 35 50 45 1 34 21 10 23 1 39 37 19 20 44 13 19 28 50 21 35 42 7 45 36 33 43 1 
Success ---> Execution Time: 13.7732 seconds

Process For Instance = 19
1 8 50 41 50 9 44 39 17 50 17 2 35 34 14 34 39 22 3 50 8 34 13 5 18 40 49 15 50 43 23 49 30 44 29 42 1 27 40 5 32 50 20 25 28 42 9 5 8 20 28 12 2 21 14 49 27 10 3 1 41 10 7 21 16 29 1 32 1 1 2 38 2 32 26 23 6 49 46 16 28 50 23 16 39 1 42 34 48 9 34 1 27 39 1 20 38 38 43 44 17 27 35 33 13 12 18 22 28 19 
Success ---> Execution Time: 12.6482 seconds

Total Execution Time: 275.731 seconds

